mode: atomic
github.com/gardener/machine-controller-manager/pkg/controller/controller_ref_manager.go:50.53,51.27 1 0
github.com/gardener/machine-controller-manager/pkg/controller/controller_ref_manager.go:56.2,56.22 1 0
github.com/gardener/machine-controller-manager/pkg/controller/controller_ref_manager.go:51.27,52.28 1 0
github.com/gardener/machine-controller-manager/pkg/controller/controller_ref_manager.go:52.28,54.4 1 0
github.com/gardener/machine-controller-manager/pkg/controller/controller_ref_manager.go:74.155,76.26 2 1
github.com/gardener/machine-controller-manager/pkg/controller/controller_ref_manager.go:107.2,107.63 1 0
github.com/gardener/machine-controller-manager/pkg/controller/controller_ref_manager.go:112.2,112.39 1 0
github.com/gardener/machine-controller-manager/pkg/controller/controller_ref_manager.go:118.2,118.35 1 0
github.com/gardener/machine-controller-manager/pkg/controller/controller_ref_manager.go:129.2,129.18 1 0
github.com/gardener/machine-controller-manager/pkg/controller/controller_ref_manager.go:76.26,77.49 1 1
github.com/gardener/machine-controller-manager/pkg/controller/controller_ref_manager.go:81.3,81.17 1 1
github.com/gardener/machine-controller-manager/pkg/controller/controller_ref_manager.go:90.3,90.49 1 0
github.com/gardener/machine-controller-manager/pkg/controller/controller_ref_manager.go:93.3,93.38 1 0
github.com/gardener/machine-controller-manager/pkg/controller/controller_ref_manager.go:103.3,103.20 1 0
github.com/gardener/machine-controller-manager/pkg/controller/controller_ref_manager.go:77.49,80.4 1 0
github.com/gardener/machine-controller-manager/pkg/controller/controller_ref_manager.go:81.17,87.4 1 1
github.com/gardener/machine-controller-manager/pkg/controller/controller_ref_manager.go:90.49,92.4 1 0
github.com/gardener/machine-controller-manager/pkg/controller/controller_ref_manager.go:93.38,95.30 1 0
github.com/gardener/machine-controller-manager/pkg/controller/controller_ref_manager.go:100.4,100.21 1 0
github.com/gardener/machine-controller-manager/pkg/controller/controller_ref_manager.go:95.30,97.5 1 0
github.com/gardener/machine-controller-manager/pkg/controller/controller_ref_manager.go:107.63,110.3 1 0
github.com/gardener/machine-controller-manager/pkg/controller/controller_ref_manager.go:112.39,115.3 1 0
github.com/gardener/machine-controller-manager/pkg/controller/controller_ref_manager.go:118.35,120.29 1 0
github.com/gardener/machine-controller-manager/pkg/controller/controller_ref_manager.go:126.3,126.20 1 0
github.com/gardener/machine-controller-manager/pkg/controller/controller_ref_manager.go:120.29,122.4 1 0
github.com/gardener/machine-controller-manager/pkg/controller/controller_ref_manager.go:156.32,166.2 1 1
github.com/gardener/machine-controller-manager/pkg/controller/controller_ref_manager.go:183.153,187.40 3 1
github.com/gardener/machine-controller-manager/pkg/controller/controller_ref_manager.go:201.2,201.41 1 1
github.com/gardener/machine-controller-manager/pkg/controller/controller_ref_manager.go:204.2,204.43 1 1
github.com/gardener/machine-controller-manager/pkg/controller/controller_ref_manager.go:208.2,208.35 1 1
github.com/gardener/machine-controller-manager/pkg/controller/controller_ref_manager.go:221.2,221.50 1 1
github.com/gardener/machine-controller-manager/pkg/controller/controller_ref_manager.go:187.40,190.54 2 1
github.com/gardener/machine-controller-manager/pkg/controller/controller_ref_manager.go:193.3,193.34 1 1
github.com/gardener/machine-controller-manager/pkg/controller/controller_ref_manager.go:198.3,198.14 1 1
github.com/gardener/machine-controller-manager/pkg/controller/controller_ref_manager.go:190.54,192.4 1 0
github.com/gardener/machine-controller-manager/pkg/controller/controller_ref_manager.go:193.34,194.24 1 0
github.com/gardener/machine-controller-manager/pkg/controller/controller_ref_manager.go:194.24,196.5 1 0
github.com/gardener/machine-controller-manager/pkg/controller/controller_ref_manager.go:201.41,203.3 1 0
github.com/gardener/machine-controller-manager/pkg/controller/controller_ref_manager.go:204.43,206.3 1 0
github.com/gardener/machine-controller-manager/pkg/controller/controller_ref_manager.go:208.35,213.17 2 1
github.com/gardener/machine-controller-manager/pkg/controller/controller_ref_manager.go:217.3,217.9 1 1
github.com/gardener/machine-controller-manager/pkg/controller/controller_ref_manager.go:213.17,215.12 2 0
github.com/gardener/machine-controller-manager/pkg/controller/controller_ref_manager.go:217.9,219.4 1 1
github.com/gardener/machine-controller-manager/pkg/controller/controller_ref_manager.go:226.85,227.37 1 0
github.com/gardener/machine-controller-manager/pkg/controller/controller_ref_manager.go:232.2,237.12 3 0
github.com/gardener/machine-controller-manager/pkg/controller/controller_ref_manager.go:227.37,229.3 1 0
github.com/gardener/machine-controller-manager/pkg/controller/controller_ref_manager.go:242.87,251.16 4 0
github.com/gardener/machine-controller-manager/pkg/controller/controller_ref_manager.go:268.2,268.12 1 0
github.com/gardener/machine-controller-manager/pkg/controller/controller_ref_manager.go:251.16,252.29 1 0
github.com/gardener/machine-controller-manager/pkg/controller/controller_ref_manager.go:256.3,256.28 1 0
github.com/gardener/machine-controller-manager/pkg/controller/controller_ref_manager.go:252.29,255.4 1 0
github.com/gardener/machine-controller-manager/pkg/controller/controller_ref_manager.go:256.28,266.4 1 0
github.com/gardener/machine-controller-manager/pkg/controller/controller_ref_manager.go:299.35,309.2 1 0
github.com/gardener/machine-controller-manager/pkg/controller/controller_ref_manager.go:324.120,328.40 3 0
github.com/gardener/machine-controller-manager/pkg/controller/controller_ref_manager.go:333.2,333.41 1 0
github.com/gardener/machine-controller-manager/pkg/controller/controller_ref_manager.go:336.2,336.43 1 0
github.com/gardener/machine-controller-manager/pkg/controller/controller_ref_manager.go:340.2,340.26 1 0
github.com/gardener/machine-controller-manager/pkg/controller/controller_ref_manager.go:350.2,350.50 1 0
github.com/gardener/machine-controller-manager/pkg/controller/controller_ref_manager.go:328.40,331.3 2 0
github.com/gardener/machine-controller-manager/pkg/controller/controller_ref_manager.go:333.41,335.3 1 0
github.com/gardener/machine-controller-manager/pkg/controller/controller_ref_manager.go:336.43,338.3 1 0
github.com/gardener/machine-controller-manager/pkg/controller/controller_ref_manager.go:340.26,342.17 2 0
github.com/gardener/machine-controller-manager/pkg/controller/controller_ref_manager.go:346.3,346.9 1 0
github.com/gardener/machine-controller-manager/pkg/controller/controller_ref_manager.go:342.17,344.12 2 0
github.com/gardener/machine-controller-manager/pkg/controller/controller_ref_manager.go:346.9,348.4 1 0
github.com/gardener/machine-controller-manager/pkg/controller/controller_ref_manager.go:355.89,356.37 1 0
github.com/gardener/machine-controller-manager/pkg/controller/controller_ref_manager.go:361.2,365.95 2 0
github.com/gardener/machine-controller-manager/pkg/controller/controller_ref_manager.go:356.37,358.3 1 0
github.com/gardener/machine-controller-manager/pkg/controller/controller_ref_manager.go:370.99,379.16 4 0
github.com/gardener/machine-controller-manager/pkg/controller/controller_ref_manager.go:392.2,392.12 1 0
github.com/gardener/machine-controller-manager/pkg/controller/controller_ref_manager.go:379.16,380.29 1 0
github.com/gardener/machine-controller-manager/pkg/controller/controller_ref_manager.go:384.3,384.28 1 0
github.com/gardener/machine-controller-manager/pkg/controller/controller_ref_manager.go:380.29,383.4 1 0
github.com/gardener/machine-controller-manager/pkg/controller/controller_ref_manager.go:384.28,390.4 1 0
github.com/gardener/machine-controller-manager/pkg/controller/controller_ref_manager.go:399.85,400.22 1 1
github.com/gardener/machine-controller-manager/pkg/controller/controller_ref_manager.go:400.22,402.17 2 0
github.com/gardener/machine-controller-manager/pkg/controller/controller_ref_manager.go:405.3,405.40 1 0
github.com/gardener/machine-controller-manager/pkg/controller/controller_ref_manager.go:408.3,408.13 1 0
github.com/gardener/machine-controller-manager/pkg/controller/controller_ref_manager.go:402.17,404.4 1 0
github.com/gardener/machine-controller-manager/pkg/controller/controller_ref_manager.go:405.40,407.4 1 0
github.com/gardener/machine-controller-manager/pkg/controller/machine.go:57.50,60.2 2 0
github.com/gardener/machine-controller-manager/pkg/controller/machine.go:62.64,65.2 2 0
github.com/gardener/machine-controller-manager/pkg/controller/machine.go:67.53,70.2 2 0
github.com/gardener/machine-controller-manager/pkg/controller/machine.go:72.54,74.16 2 0
github.com/gardener/machine-controller-manager/pkg/controller/machine.go:79.2,80.33 2 0
github.com/gardener/machine-controller-manager/pkg/controller/machine.go:74.16,77.3 2 0
github.com/gardener/machine-controller-manager/pkg/controller/machine.go:81.148,84.26 2 0
github.com/gardener/machine-controller-manager/pkg/controller/machine.go:85.10,86.120 1 0
github.com/gardener/machine-controller-manager/pkg/controller/machine.go:90.80,92.16 2 0
github.com/gardener/machine-controller-manager/pkg/controller/machine.go:97.2,99.33 2 0
github.com/gardener/machine-controller-manager/pkg/controller/machine.go:92.16,95.3 2 0
github.com/gardener/machine-controller-manager/pkg/controller/machine.go:100.148,103.38 2 0
github.com/gardener/machine-controller-manager/pkg/controller/machine.go:104.10,105.120 1 0
github.com/gardener/machine-controller-manager/pkg/controller/machine.go:109.67,111.16 2 0
github.com/gardener/machine-controller-manager/pkg/controller/machine.go:115.2,116.31 2 0
github.com/gardener/machine-controller-manager/pkg/controller/machine.go:121.2,121.16 1 0
github.com/gardener/machine-controller-manager/pkg/controller/machine.go:126.2,126.43 1 0
github.com/gardener/machine-controller-manager/pkg/controller/machine.go:111.16,113.3 1 0
github.com/gardener/machine-controller-manager/pkg/controller/machine.go:116.31,119.3 2 0
github.com/gardener/machine-controller-manager/pkg/controller/machine.go:121.16,124.3 2 0
github.com/gardener/machine-controller-manager/pkg/controller/machine.go:129.79,131.15 2 0
github.com/gardener/machine-controller-manager/pkg/controller/machine.go:136.2,136.81 1 0
github.com/gardener/machine-controller-manager/pkg/controller/machine.go:142.2,142.50 1 0
github.com/gardener/machine-controller-manager/pkg/controller/machine.go:147.2,149.16 3 0
github.com/gardener/machine-controller-manager/pkg/controller/machine.go:152.2,153.89 2 0
github.com/gardener/machine-controller-manager/pkg/controller/machine.go:159.2,160.36 2 0
github.com/gardener/machine-controller-manager/pkg/controller/machine.go:164.2,166.16 3 0
github.com/gardener/machine-controller-manager/pkg/controller/machine.go:173.2,174.16 2 0
github.com/gardener/machine-controller-manager/pkg/controller/machine.go:184.2,185.16 2 0
github.com/gardener/machine-controller-manager/pkg/controller/machine.go:191.2,192.17 2 0
github.com/gardener/machine-controller-manager/pkg/controller/machine.go:200.2,200.38 1 0
github.com/gardener/machine-controller-manager/pkg/controller/machine.go:225.2,225.12 1 0
github.com/gardener/machine-controller-manager/pkg/controller/machine.go:131.15,134.3 2 0
github.com/gardener/machine-controller-manager/pkg/controller/machine.go:136.81,140.3 3 0
github.com/gardener/machine-controller-manager/pkg/controller/machine.go:142.50,144.3 1 0
github.com/gardener/machine-controller-manager/pkg/controller/machine.go:149.16,151.3 1 0
github.com/gardener/machine-controller-manager/pkg/controller/machine.go:153.89,156.3 2 0
github.com/gardener/machine-controller-manager/pkg/controller/machine.go:160.36,162.3 1 0
github.com/gardener/machine-controller-manager/pkg/controller/machine.go:166.16,168.3 1 0
github.com/gardener/machine-controller-manager/pkg/controller/machine.go:168.8,168.39 1 0
github.com/gardener/machine-controller-manager/pkg/controller/machine.go:168.39,171.3 2 0
github.com/gardener/machine-controller-manager/pkg/controller/machine.go:174.16,176.32 2 0
github.com/gardener/machine-controller-manager/pkg/controller/machine.go:181.3,181.13 1 0
github.com/gardener/machine-controller-manager/pkg/controller/machine.go:176.32,179.4 1 0
github.com/gardener/machine-controller-manager/pkg/controller/machine.go:185.16,188.3 2 0
github.com/gardener/machine-controller-manager/pkg/controller/machine.go:192.17,194.17 2 0
github.com/gardener/machine-controller-manager/pkg/controller/machine.go:194.17,197.4 2 0
github.com/gardener/machine-controller-manager/pkg/controller/machine.go:200.38,202.58 1 0
github.com/gardener/machine-controller-manager/pkg/controller/machine.go:202.58,204.4 1 0
github.com/gardener/machine-controller-manager/pkg/controller/machine.go:205.8,205.55 1 0
github.com/gardener/machine-controller-manager/pkg/controller/machine.go:205.55,208.3 1 0
github.com/gardener/machine-controller-manager/pkg/controller/machine.go:208.8,212.67 2 0
github.com/gardener/machine-controller-manager/pkg/controller/machine.go:212.67,214.4 1 0
github.com/gardener/machine-controller-manager/pkg/controller/machine.go:214.9,214.36 1 0
github.com/gardener/machine-controller-manager/pkg/controller/machine.go:214.36,215.59 1 0
github.com/gardener/machine-controller-manager/pkg/controller/machine.go:215.59,217.5 1 0
github.com/gardener/machine-controller-manager/pkg/controller/machine.go:218.9,218.57 1 0
github.com/gardener/machine-controller-manager/pkg/controller/machine.go:218.57,219.69 1 0
github.com/gardener/machine-controller-manager/pkg/controller/machine.go:219.69,221.5 1 0
github.com/gardener/machine-controller-manager/pkg/controller/machine.go:232.56,235.16 2 0
github.com/gardener/machine-controller-manager/pkg/controller/machine.go:240.2,241.16 2 0
github.com/gardener/machine-controller-manager/pkg/controller/machine.go:248.2,249.27 2 0
github.com/gardener/machine-controller-manager/pkg/controller/machine.go:235.16,238.3 2 0
github.com/gardener/machine-controller-manager/pkg/controller/machine.go:241.16,244.3 2 0
github.com/gardener/machine-controller-manager/pkg/controller/machine.go:244.8,244.27 1 0
github.com/gardener/machine-controller-manager/pkg/controller/machine.go:244.27,246.3 1 0
github.com/gardener/machine-controller-manager/pkg/controller/machine.go:252.70,254.2 1 0
github.com/gardener/machine-controller-manager/pkg/controller/machine.go:256.59,258.2 1 0
github.com/gardener/machine-controller-manager/pkg/controller/machine.go:265.85,275.23 4 0
github.com/gardener/machine-controller-manager/pkg/controller/machine.go:281.2,281.25 1 0
github.com/gardener/machine-controller-manager/pkg/controller/machine.go:275.23,277.3 1 0
github.com/gardener/machine-controller-manager/pkg/controller/machine.go:277.8,277.30 1 0
github.com/gardener/machine-controller-manager/pkg/controller/machine.go:277.30,279.3 1 0
github.com/gardener/machine-controller-manager/pkg/controller/machine.go:284.95,287.20 2 0
github.com/gardener/machine-controller-manager/pkg/controller/machine.go:321.2,322.45 2 0
github.com/gardener/machine-controller-manager/pkg/controller/machine.go:363.2,364.16 2 0
github.com/gardener/machine-controller-manager/pkg/controller/machine.go:368.2,369.25 2 0
github.com/gardener/machine-controller-manager/pkg/controller/machine.go:373.2,373.40 1 0
github.com/gardener/machine-controller-manager/pkg/controller/machine.go:382.2,382.21 1 0
github.com/gardener/machine-controller-manager/pkg/controller/machine.go:287.20,290.17 2 0
github.com/gardener/machine-controller-manager/pkg/controller/machine.go:294.3,294.33 1 0
github.com/gardener/machine-controller-manager/pkg/controller/machine.go:314.3,314.21 1 0
github.com/gardener/machine-controller-manager/pkg/controller/machine.go:290.17,293.4 2 0
github.com/gardener/machine-controller-manager/pkg/controller/machine.go:294.33,296.17 2 0
github.com/gardener/machine-controller-manager/pkg/controller/machine.go:300.4,300.18 1 0
github.com/gardener/machine-controller-manager/pkg/controller/machine.go:296.17,297.13 1 0
github.com/gardener/machine-controller-manager/pkg/controller/machine.go:300.18,306.19 6 0
github.com/gardener/machine-controller-manager/pkg/controller/machine.go:310.5,310.10 1 0
github.com/gardener/machine-controller-manager/pkg/controller/machine.go:306.19,309.6 2 0
github.com/gardener/machine-controller-manager/pkg/controller/machine.go:314.21,318.4 1 0
github.com/gardener/machine-controller-manager/pkg/controller/machine.go:322.45,326.66 1 0
github.com/gardener/machine-controller-manager/pkg/controller/machine.go:356.3,356.22 1 0
github.com/gardener/machine-controller-manager/pkg/controller/machine.go:326.66,348.18 6 0
github.com/gardener/machine-controller-manager/pkg/controller/machine.go:352.4,352.21 1 0
github.com/gardener/machine-controller-manager/pkg/controller/machine.go:348.18,351.5 2 0
github.com/gardener/machine-controller-manager/pkg/controller/machine.go:357.8,357.23 1 0
github.com/gardener/machine-controller-manager/pkg/controller/machine.go:357.23,361.3 2 0
github.com/gardener/machine-controller-manager/pkg/controller/machine.go:364.16,366.3 1 0
github.com/gardener/machine-controller-manager/pkg/controller/machine.go:369.25,371.3 1 0
github.com/gardener/machine-controller-manager/pkg/controller/machine.go:373.40,376.17 3 0
github.com/gardener/machine-controller-manager/pkg/controller/machine.go:376.17,379.4 2 0
github.com/gardener/machine-controller-manager/pkg/controller/machine.go:390.91,395.16 4 0
github.com/gardener/machine-controller-manager/pkg/controller/machine.go:412.2,413.16 2 0
github.com/gardener/machine-controller-manager/pkg/controller/machine.go:417.2,417.46 1 0
github.com/gardener/machine-controller-manager/pkg/controller/machine.go:423.2,423.28 1 0
github.com/gardener/machine-controller-manager/pkg/controller/machine.go:427.2,427.16 1 0
github.com/gardener/machine-controller-manager/pkg/controller/machine.go:449.2,451.6 2 0
github.com/gardener/machine-controller-manager/pkg/controller/machine.go:521.2,521.12 1 0
github.com/gardener/machine-controller-manager/pkg/controller/machine.go:395.16,410.3 5 0
github.com/gardener/machine-controller-manager/pkg/controller/machine.go:413.16,416.3 2 0
github.com/gardener/machine-controller-manager/pkg/controller/machine.go:417.46,418.34 1 0
github.com/gardener/machine-controller-manager/pkg/controller/machine.go:418.34,421.4 2 0
github.com/gardener/machine-controller-manager/pkg/controller/machine.go:423.28,425.3 1 0
github.com/gardener/machine-controller-manager/pkg/controller/machine.go:427.16,443.62 5 0
github.com/gardener/machine-controller-manager/pkg/controller/machine.go:447.3,447.13 1 0
github.com/gardener/machine-controller-manager/pkg/controller/machine.go:443.62,445.4 1 0
github.com/gardener/machine-controller-manager/pkg/controller/machine.go:451.6,455.17 3 0
github.com/gardener/machine-controller-manager/pkg/controller/machine.go:477.3,490.26 4 0
github.com/gardener/machine-controller-manager/pkg/controller/machine.go:493.3,495.31 2 0
github.com/gardener/machine-controller-manager/pkg/controller/machine.go:498.3,498.47 1 0
github.com/gardener/machine-controller-manager/pkg/controller/machine.go:501.3,503.17 3 0
github.com/gardener/machine-controller-manager/pkg/controller/machine.go:508.3,513.17 6 0
github.com/gardener/machine-controller-manager/pkg/controller/machine.go:518.3,518.8 1 0
github.com/gardener/machine-controller-manager/pkg/controller/machine.go:455.17,457.33 1 0
github.com/gardener/machine-controller-manager/pkg/controller/machine.go:473.4,474.12 2 0
github.com/gardener/machine-controller-manager/pkg/controller/machine.go:457.33,460.58 2 0
github.com/gardener/machine-controller-manager/pkg/controller/machine.go:470.5,470.79 1 0
github.com/gardener/machine-controller-manager/pkg/controller/machine.go:460.58,467.6 1 0
github.com/gardener/machine-controller-manager/pkg/controller/machine.go:490.26,492.4 1 0
github.com/gardener/machine-controller-manager/pkg/controller/machine.go:495.31,497.4 1 0
github.com/gardener/machine-controller-manager/pkg/controller/machine.go:498.47,500.4 1 0
github.com/gardener/machine-controller-manager/pkg/controller/machine.go:503.17,505.12 2 0
github.com/gardener/machine-controller-manager/pkg/controller/machine.go:513.17,515.12 2 0
github.com/gardener/machine-controller-manager/pkg/controller/machine.go:524.94,527.6 2 0
github.com/gardener/machine-controller-manager/pkg/controller/machine.go:559.2,559.12 1 0
github.com/gardener/machine-controller-manager/pkg/controller/machine.go:527.6,529.17 2 0
github.com/gardener/machine-controller-manager/pkg/controller/machine.go:534.3,537.17 4 0
github.com/gardener/machine-controller-manager/pkg/controller/machine.go:542.3,551.17 5 0
github.com/gardener/machine-controller-manager/pkg/controller/machine.go:556.3,556.8 1 0
github.com/gardener/machine-controller-manager/pkg/controller/machine.go:529.17,532.4 2 0
github.com/gardener/machine-controller-manager/pkg/controller/machine.go:537.17,539.12 2 0
github.com/gardener/machine-controller-manager/pkg/controller/machine.go:551.17,553.12 2 0
github.com/gardener/machine-controller-manager/pkg/controller/machine.go:562.91,566.94 3 0
github.com/gardener/machine-controller-manager/pkg/controller/machine.go:754.2,754.12 1 0
github.com/gardener/machine-controller-manager/pkg/controller/machine.go:566.94,572.72 3 0
github.com/gardener/machine-controller-manager/pkg/controller/machine.go:602.3,602.40 1 0
github.com/gardener/machine-controller-manager/pkg/controller/machine.go:704.3,704.17 1 0
github.com/gardener/machine-controller-manager/pkg/controller/machine.go:723.3,723.21 1 0
github.com/gardener/machine-controller-manager/pkg/controller/machine.go:742.3,746.47 3 0
github.com/gardener/machine-controller-manager/pkg/controller/machine.go:752.3,752.67 1 0
github.com/gardener/machine-controller-manager/pkg/controller/machine.go:572.72,586.18 4 0
github.com/gardener/machine-controller-manager/pkg/controller/machine.go:590.4,591.47 2 0
github.com/gardener/machine-controller-manager/pkg/controller/machine.go:586.18,588.5 1 0
github.com/gardener/machine-controller-manager/pkg/controller/machine.go:591.47,595.5 2 0
github.com/gardener/machine-controller-manager/pkg/controller/machine.go:595.10,595.25 1 0
github.com/gardener/machine-controller-manager/pkg/controller/machine.go:595.25,599.5 2 0
github.com/gardener/machine-controller-manager/pkg/controller/machine.go:602.40,619.50 4 0
github.com/gardener/machine-controller-manager/pkg/controller/machine.go:636.4,658.18 5 0
github.com/gardener/machine-controller-manager/pkg/controller/machine.go:680.4,680.34 1 0
github.com/gardener/machine-controller-manager/pkg/controller/machine.go:619.50,634.5 5 0
github.com/gardener/machine-controller-manager/pkg/controller/machine.go:658.18,662.5 1 0
github.com/gardener/machine-controller-manager/pkg/controller/machine.go:662.10,662.47 1 0
github.com/gardener/machine-controller-manager/pkg/controller/machine.go:662.47,666.5 1 0
github.com/gardener/machine-controller-manager/pkg/controller/machine.go:666.10,678.5 4 0
github.com/gardener/machine-controller-manager/pkg/controller/machine.go:681.9,686.18 3 0
github.com/gardener/machine-controller-manager/pkg/controller/machine.go:690.4,690.48 1 0
github.com/gardener/machine-controller-manager/pkg/controller/machine.go:686.18,689.5 2 0
github.com/gardener/machine-controller-manager/pkg/controller/machine.go:690.48,691.36 1 0
github.com/gardener/machine-controller-manager/pkg/controller/machine.go:691.36,694.20 3 0
github.com/gardener/machine-controller-manager/pkg/controller/machine.go:694.20,697.7 1 0
github.com/gardener/machine-controller-manager/pkg/controller/machine.go:697.12,699.7 1 0
github.com/gardener/machine-controller-manager/pkg/controller/machine.go:704.17,721.4 5 0
github.com/gardener/machine-controller-manager/pkg/controller/machine.go:723.21,726.48 2 0
github.com/gardener/machine-controller-manager/pkg/controller/machine.go:726.48,738.5 5 0
github.com/gardener/machine-controller-manager/pkg/controller/machine.go:746.47,750.4 2 0
github.com/gardener/machine-controller-manager/pkg/controller/machine.go:766.30,769.16 2 0
github.com/gardener/machine-controller-manager/pkg/controller/machine.go:773.2,778.16 5 0
github.com/gardener/machine-controller-manager/pkg/controller/machine.go:783.2,783.19 1 0
github.com/gardener/machine-controller-manager/pkg/controller/machine.go:769.16,771.3 1 0
github.com/gardener/machine-controller-manager/pkg/controller/machine.go:778.16,782.3 2 0
github.com/gardener/machine-controller-manager/pkg/controller/machine.go:786.131,796.16 3 0
github.com/gardener/machine-controller-manager/pkg/controller/machine.go:800.2,802.68 2 0
github.com/gardener/machine-controller-manager/pkg/controller/machine.go:807.2,807.69 1 0
github.com/gardener/machine-controller-manager/pkg/controller/machine.go:867.2,867.26 1 0
github.com/gardener/machine-controller-manager/pkg/controller/machine.go:878.2,878.21 1 0
github.com/gardener/machine-controller-manager/pkg/controller/machine.go:796.16,798.3 1 0
github.com/gardener/machine-controller-manager/pkg/controller/machine.go:802.68,805.3 2 0
github.com/gardener/machine-controller-manager/pkg/controller/machine.go:807.70,810.3 0 0
github.com/gardener/machine-controller-manager/pkg/controller/machine.go:810.8,810.95 1 0
github.com/gardener/machine-controller-manager/pkg/controller/machine.go:810.95,829.3 5 0
github.com/gardener/machine-controller-manager/pkg/controller/machine.go:829.8,829.94 1 0
github.com/gardener/machine-controller-manager/pkg/controller/machine.go:829.94,834.72 1 0
github.com/gardener/machine-controller-manager/pkg/controller/machine.go:849.3,863.30 4 0
github.com/gardener/machine-controller-manager/pkg/controller/machine.go:834.72,839.18 3 0
github.com/gardener/machine-controller-manager/pkg/controller/machine.go:843.4,843.55 1 0
github.com/gardener/machine-controller-manager/pkg/controller/machine.go:839.18,841.5 1 0
github.com/gardener/machine-controller-manager/pkg/controller/machine.go:844.9,848.4 2 0
github.com/gardener/machine-controller-manager/pkg/controller/machine.go:867.26,869.17 2 0
github.com/gardener/machine-controller-manager/pkg/controller/machine.go:875.3,875.20 1 0
github.com/gardener/machine-controller-manager/pkg/controller/machine.go:869.17,873.4 2 0
github.com/gardener/machine-controller-manager/pkg/controller/machine.go:881.94,884.16 2 0
github.com/gardener/machine-controller-manager/pkg/controller/machine.go:888.2,891.16 4 0
github.com/gardener/machine-controller-manager/pkg/controller/machine.go:884.16,886.3 1 0
github.com/gardener/machine-controller-manager/pkg/controller/machine.go:891.16,895.3 2 0
github.com/gardener/machine-controller-manager/pkg/controller/machine.go:903.70,906.93 2 0
github.com/gardener/machine-controller-manager/pkg/controller/machine.go:906.93,909.3 2 0
github.com/gardener/machine-controller-manager/pkg/controller/machine.go:912.73,915.92 2 0
github.com/gardener/machine-controller-manager/pkg/controller/machine.go:915.92,918.3 2 0
github.com/gardener/machine-controller-manager/pkg/controller/machine.go:925.64,928.26 2 0
github.com/gardener/machine-controller-manager/pkg/controller/machine.go:933.2,933.54 1 0
github.com/gardener/machine-controller-manager/pkg/controller/machine.go:945.2,945.13 1 0
github.com/gardener/machine-controller-manager/pkg/controller/machine.go:928.26,931.3 1 0
github.com/gardener/machine-controller-manager/pkg/controller/machine.go:933.54,934.77 1 0
github.com/gardener/machine-controller-manager/pkg/controller/machine.go:938.3,939.32 2 0
github.com/gardener/machine-controller-manager/pkg/controller/machine.go:934.77,937.4 1 0
github.com/gardener/machine-controller-manager/pkg/controller/machine.go:939.32,940.76 1 0
github.com/gardener/machine-controller-manager/pkg/controller/machine.go:940.76,942.5 1 0
github.com/gardener/machine-controller-manager/pkg/controller/machine.go:948.102,950.31 2 0
github.com/gardener/machine-controller-manager/pkg/controller/machine.go:954.2,954.16 1 0
github.com/gardener/machine-controller-manager/pkg/controller/machine.go:958.2,958.23 1 0
github.com/gardener/machine-controller-manager/pkg/controller/machine.go:950.31,953.3 2 0
github.com/gardener/machine-controller-manager/pkg/controller/machine.go:954.16,957.3 2 0
github.com/gardener/machine-controller-manager/pkg/controller/machine.go:961.69,964.67 1 0
github.com/gardener/machine-controller-manager/pkg/controller/machine.go:964.67,976.27 4 0
github.com/gardener/machine-controller-manager/pkg/controller/machine.go:983.3,984.18 2 0
github.com/gardener/machine-controller-manager/pkg/controller/machine.go:976.27,978.4 1 0
github.com/gardener/machine-controller-manager/pkg/controller/machine.go:978.9,980.4 1 0
github.com/gardener/machine-controller-manager/pkg/controller/machine.go:984.18,987.28 1 0
github.com/gardener/machine-controller-manager/pkg/controller/machine.go:1004.4,1019.64 4 0
github.com/gardener/machine-controller-manager/pkg/controller/machine.go:987.28,994.5 1 0
github.com/gardener/machine-controller-manager/pkg/controller/machine.go:994.10,1002.5 1 0
github.com/gardener/machine-controller-manager/pkg/controller/machine.go:1021.9,1025.4 1 0
github.com/gardener/machine-controller-manager/pkg/controller/machine.go:1029.76,1030.38 1 0
github.com/gardener/machine-controller-manager/pkg/controller/machine.go:1033.2,1033.35 1 0
github.com/gardener/machine-controller-manager/pkg/controller/machine.go:1038.2,1038.13 1 0
github.com/gardener/machine-controller-manager/pkg/controller/machine.go:1030.38,1032.3 1 0
github.com/gardener/machine-controller-manager/pkg/controller/machine.go:1033.35,1035.3 1 0
github.com/gardener/machine-controller-manager/pkg/controller/machine.go:1042.40,1045.2 2 0
github.com/gardener/machine-controller-manager/pkg/controller/machine.go:1048.91,1050.110 2 0
github.com/gardener/machine-controller-manager/pkg/controller/machine.go:1055.2,1055.30 1 0
github.com/gardener/machine-controller-manager/pkg/controller/machine.go:1050.110,1052.3 1 0
github.com/gardener/machine-controller-manager/pkg/controller/machine.go:1052.8,1054.3 1 0
github.com/gardener/machine-controller-manager/pkg/controller/machine.go:1059.84,1061.106 2 0
github.com/gardener/machine-controller-manager/pkg/controller/machine.go:1066.2,1066.24 1 0
github.com/gardener/machine-controller-manager/pkg/controller/machine.go:1061.106,1063.3 1 0
github.com/gardener/machine-controller-manager/pkg/controller/machine.go:1063.8,1065.3 1 0
github.com/gardener/machine-controller-manager/pkg/controller/machine.go:1070.92,1072.111 2 0
github.com/gardener/machine-controller-manager/pkg/controller/machine.go:1077.2,1077.31 1 0
github.com/gardener/machine-controller-manager/pkg/controller/machine.go:1072.111,1074.3 1 0
github.com/gardener/machine-controller-manager/pkg/controller/machine.go:1074.8,1076.3 1 0
github.com/gardener/machine-controller-manager/pkg/controller/machine.go:1081.94,1083.113 2 0
github.com/gardener/machine-controller-manager/pkg/controller/machine.go:1088.2,1088.33 1 0
github.com/gardener/machine-controller-manager/pkg/controller/machine.go:1083.113,1085.3 1 0
github.com/gardener/machine-controller-manager/pkg/controller/machine.go:1085.8,1087.3 1 0
github.com/gardener/machine-controller-manager/pkg/controller/machine.go:1092.84,1094.105 2 0
github.com/gardener/machine-controller-manager/pkg/controller/machine.go:1099.2,1099.32 1 0
github.com/gardener/machine-controller-manager/pkg/controller/machine.go:1094.105,1096.3 1 0
github.com/gardener/machine-controller-manager/pkg/controller/machine.go:1096.8,1098.3 1 0
github.com/gardener/machine-controller-manager/pkg/controller/machine_safety.go:48.79,58.2 6 0
github.com/gardener/machine-controller-manager/pkg/controller/machine_safety.go:62.82,73.16 8 0
github.com/gardener/machine-controller-manager/pkg/controller/machine_safety.go:76.2,79.16 3 0
github.com/gardener/machine-controller-manager/pkg/controller/machine_safety.go:82.2,85.16 3 0
github.com/gardener/machine-controller-manager/pkg/controller/machine_safety.go:88.2,91.16 3 0
github.com/gardener/machine-controller-manager/pkg/controller/machine_safety.go:95.2,95.12 1 0
github.com/gardener/machine-controller-manager/pkg/controller/machine_safety.go:73.16,75.3 1 0
github.com/gardener/machine-controller-manager/pkg/controller/machine_safety.go:79.16,81.3 1 0
github.com/gardener/machine-controller-manager/pkg/controller/machine_safety.go:85.16,87.3 1 0
github.com/gardener/machine-controller-manager/pkg/controller/machine_safety.go:91.16,93.3 1 0
github.com/gardener/machine-controller-manager/pkg/controller/machine_safety.go:101.79,108.45 5 0
github.com/gardener/machine-controller-manager/pkg/controller/machine_safety.go:173.2,174.12 2 0
github.com/gardener/machine-controller-manager/pkg/controller/machine_safety.go:108.45,110.24 1 0
github.com/gardener/machine-controller-manager/pkg/controller/machine_safety.go:110.24,113.18 2 0
github.com/gardener/machine-controller-manager/pkg/controller/machine_safety.go:117.4,117.37 1 0
github.com/gardener/machine-controller-manager/pkg/controller/machine_safety.go:149.4,151.70 3 0
github.com/gardener/machine-controller-manager/pkg/controller/machine_safety.go:113.18,116.5 2 0
github.com/gardener/machine-controller-manager/pkg/controller/machine_safety.go:117.37,118.70 1 0
github.com/gardener/machine-controller-manager/pkg/controller/machine_safety.go:146.5,146.51 1 0
github.com/gardener/machine-controller-manager/pkg/controller/machine_safety.go:118.70,120.20 2 0
github.com/gardener/machine-controller-manager/pkg/controller/machine_safety.go:125.6,137.20 4 0
github.com/gardener/machine-controller-manager/pkg/controller/machine_safety.go:142.6,142.96 1 0
github.com/gardener/machine-controller-manager/pkg/controller/machine_safety.go:120.20,123.7 2 0
github.com/gardener/machine-controller-manager/pkg/controller/machine_safety.go:137.20,140.7 2 0
github.com/gardener/machine-controller-manager/pkg/controller/machine_safety.go:153.8,155.25 1 0
github.com/gardener/machine-controller-manager/pkg/controller/machine_safety.go:155.25,157.69 1 0
github.com/gardener/machine-controller-manager/pkg/controller/machine_safety.go:161.4,161.87 1 0
github.com/gardener/machine-controller-manager/pkg/controller/machine_safety.go:168.4,169.14 2 0
github.com/gardener/machine-controller-manager/pkg/controller/machine_safety.go:157.69,160.5 1 0
github.com/gardener/machine-controller-manager/pkg/controller/machine_safety.go:161.87,165.5 2 0
github.com/gardener/machine-controller-manager/pkg/controller/machine_safety.go:179.43,182.46 2 0
github.com/gardener/machine-controller-manager/pkg/controller/machine_safety.go:189.2,190.46 2 0
github.com/gardener/machine-controller-manager/pkg/controller/machine_safety.go:196.2,196.13 1 0
github.com/gardener/machine-controller-manager/pkg/controller/machine_safety.go:182.46,186.3 2 0
github.com/gardener/machine-controller-manager/pkg/controller/machine_safety.go:190.46,194.3 2 0
github.com/gardener/machine-controller-manager/pkg/controller/machine_safety.go:200.79,202.16 2 0
github.com/gardener/machine-controller-manager/pkg/controller/machine_safety.go:207.2,207.55 1 0
github.com/gardener/machine-controller-manager/pkg/controller/machine_safety.go:242.2,242.12 1 0
github.com/gardener/machine-controller-manager/pkg/controller/machine_safety.go:202.16,205.3 2 0
github.com/gardener/machine-controller-manager/pkg/controller/machine_safety.go:207.55,208.77 1 0
github.com/gardener/machine-controller-manager/pkg/controller/machine_safety.go:208.77,212.18 3 0
github.com/gardener/machine-controller-manager/pkg/controller/machine_safety.go:217.4,218.18 2 0
github.com/gardener/machine-controller-manager/pkg/controller/machine_safety.go:212.18,214.5 1 0
github.com/gardener/machine-controller-manager/pkg/controller/machine_safety.go:218.18,219.44 1 0
github.com/gardener/machine-controller-manager/pkg/controller/machine_safety.go:219.44,222.20 2 0
github.com/gardener/machine-controller-manager/pkg/controller/machine_safety.go:227.6,228.34 2 0
github.com/gardener/machine-controller-manager/pkg/controller/machine_safety.go:231.6,233.20 3 0
github.com/gardener/machine-controller-manager/pkg/controller/machine_safety.go:222.20,226.7 2 0
github.com/gardener/machine-controller-manager/pkg/controller/machine_safety.go:228.34,230.7 1 0
github.com/gardener/machine-controller-manager/pkg/controller/machine_safety.go:233.20,236.7 2 0
github.com/gardener/machine-controller-manager/pkg/controller/machine_safety.go:246.72,248.16 2 0
github.com/gardener/machine-controller-manager/pkg/controller/machine_safety.go:253.2,253.41 1 0
github.com/gardener/machine-controller-manager/pkg/controller/machine_safety.go:264.2,264.12 1 0
github.com/gardener/machine-controller-manager/pkg/controller/machine_safety.go:248.16,251.3 2 0
github.com/gardener/machine-controller-manager/pkg/controller/machine_safety.go:253.41,254.70 1 0
github.com/gardener/machine-controller-manager/pkg/controller/machine_safety.go:254.70,258.18 3 0
github.com/gardener/machine-controller-manager/pkg/controller/machine_safety.go:258.18,260.5 1 0
github.com/gardener/machine-controller-manager/pkg/controller/machine_safety.go:268.63,270.16 2 0
github.com/gardener/machine-controller-manager/pkg/controller/machine_safety.go:275.2,275.55 1 0
github.com/gardener/machine-controller-manager/pkg/controller/machine_safety.go:318.2,318.12 1 0
github.com/gardener/machine-controller-manager/pkg/controller/machine_safety.go:270.16,273.3 2 0
github.com/gardener/machine-controller-manager/pkg/controller/machine_safety.go:275.55,282.17 5 0
github.com/gardener/machine-controller-manager/pkg/controller/machine_safety.go:294.3,294.43 1 0
github.com/gardener/machine-controller-manager/pkg/controller/machine_safety.go:282.17,283.43 1 0
github.com/gardener/machine-controller-manager/pkg/controller/machine_safety.go:283.43,287.73 3 0
github.com/gardener/machine-controller-manager/pkg/controller/machine_safety.go:287.73,289.11 2 0
github.com/gardener/machine-controller-manager/pkg/controller/machine_safety.go:294.43,297.88 1 0
github.com/gardener/machine-controller-manager/pkg/controller/machine_safety.go:297.88,301.19 3 0
github.com/gardener/machine-controller-manager/pkg/controller/machine_safety.go:301.19,303.6 1 0
github.com/gardener/machine-controller-manager/pkg/controller/machine_safety.go:305.9,308.86 1 0
github.com/gardener/machine-controller-manager/pkg/controller/machine_safety.go:308.86,311.19 2 0
github.com/gardener/machine-controller-manager/pkg/controller/machine_safety.go:311.19,313.6 1 0
github.com/gardener/machine-controller-manager/pkg/controller/machine_safety.go:323.66,325.16 2 0
github.com/gardener/machine-controller-manager/pkg/controller/machine_safety.go:330.2,330.41 1 0
github.com/gardener/machine-controller-manager/pkg/controller/machine_safety.go:401.2,401.12 1 0
github.com/gardener/machine-controller-manager/pkg/controller/machine_safety.go:325.16,328.3 2 0
github.com/gardener/machine-controller-manager/pkg/controller/machine_safety.go:330.41,333.17 2 0
github.com/gardener/machine-controller-manager/pkg/controller/machine_safety.go:337.3,339.44 3 0
github.com/gardener/machine-controller-manager/pkg/controller/machine_safety.go:351.3,356.35 4 0
github.com/gardener/machine-controller-manager/pkg/controller/machine_safety.go:374.3,385.49 3 0
github.com/gardener/machine-controller-manager/pkg/controller/machine_safety.go:333.17,336.4 2 0
github.com/gardener/machine-controller-manager/pkg/controller/machine_safety.go:339.44,341.39 1 0
github.com/gardener/machine-controller-manager/pkg/controller/machine_safety.go:341.39,342.44 1 0
github.com/gardener/machine-controller-manager/pkg/controller/machine_safety.go:342.44,343.60 1 0
github.com/gardener/machine-controller-manager/pkg/controller/machine_safety.go:343.60,345.7 1 0
github.com/gardener/machine-controller-manager/pkg/controller/machine_safety.go:356.35,358.32 2 0
github.com/gardener/machine-controller-manager/pkg/controller/machine_safety.go:358.32,364.19 2 0
github.com/gardener/machine-controller-manager/pkg/controller/machine_safety.go:369.5,370.66 2 0
github.com/gardener/machine-controller-manager/pkg/controller/machine_safety.go:364.19,367.6 2 0
github.com/gardener/machine-controller-manager/pkg/controller/machine_safety.go:385.49,394.4 2 0
github.com/gardener/machine-controller-manager/pkg/controller/machine_safety.go:394.9,395.80 1 0
github.com/gardener/machine-controller-manager/pkg/controller/machine_safety.go:395.80,399.4 1 0
github.com/gardener/machine-controller-manager/pkg/controller/machine_safety.go:405.39,412.2 6 0
github.com/gardener/machine-controller-manager/pkg/controller/machine_safety.go:415.45,417.16 2 0
github.com/gardener/machine-controller-manager/pkg/controller/machine_safety.go:422.2,422.49 1 0
github.com/gardener/machine-controller-manager/pkg/controller/machine_safety.go:417.16,420.3 2 0
github.com/gardener/machine-controller-manager/pkg/controller/machine_safety.go:422.49,429.3 1 0
github.com/gardener/machine-controller-manager/pkg/controller/machine_safety.go:433.44,435.16 2 0
github.com/gardener/machine-controller-manager/pkg/controller/machine_safety.go:440.2,440.48 1 0
github.com/gardener/machine-controller-manager/pkg/controller/machine_safety.go:435.16,438.3 2 0
github.com/gardener/machine-controller-manager/pkg/controller/machine_safety.go:440.48,447.3 1 0
github.com/gardener/machine-controller-manager/pkg/controller/machine_safety.go:451.47,453.16 2 0
github.com/gardener/machine-controller-manager/pkg/controller/machine_safety.go:458.2,458.51 1 0
github.com/gardener/machine-controller-manager/pkg/controller/machine_safety.go:453.16,456.3 2 0
github.com/gardener/machine-controller-manager/pkg/controller/machine_safety.go:458.51,465.3 1 0
github.com/gardener/machine-controller-manager/pkg/controller/machine_safety.go:469.45,471.16 2 0
github.com/gardener/machine-controller-manager/pkg/controller/machine_safety.go:476.2,476.49 1 0
github.com/gardener/machine-controller-manager/pkg/controller/machine_safety.go:471.16,474.3 2 0
github.com/gardener/machine-controller-manager/pkg/controller/machine_safety.go:476.49,483.3 1 0
github.com/gardener/machine-controller-manager/pkg/controller/machine_safety.go:487.50,489.16 2 0
github.com/gardener/machine-controller-manager/pkg/controller/machine_safety.go:494.2,494.54 1 0
github.com/gardener/machine-controller-manager/pkg/controller/machine_safety.go:489.16,492.3 2 0
github.com/gardener/machine-controller-manager/pkg/controller/machine_safety.go:494.54,501.3 1 0
github.com/gardener/machine-controller-manager/pkg/controller/machine_safety.go:505.48,507.16 2 0
github.com/gardener/machine-controller-manager/pkg/controller/machine_safety.go:512.2,512.52 1 0
github.com/gardener/machine-controller-manager/pkg/controller/machine_safety.go:507.16,510.3 2 0
github.com/gardener/machine-controller-manager/pkg/controller/machine_safety.go:512.52,519.3 1 0
github.com/gardener/machine-controller-manager/pkg/controller/machine_safety.go:527.20,531.33 2 0
github.com/gardener/machine-controller-manager/pkg/controller/machine_safety.go:537.2,545.16 3 0
github.com/gardener/machine-controller-manager/pkg/controller/machine_safety.go:550.2,550.24 1 0
github.com/gardener/machine-controller-manager/pkg/controller/machine_safety.go:560.2,560.48 1 0
github.com/gardener/machine-controller-manager/pkg/controller/machine_safety.go:531.33,534.3 2 0
github.com/gardener/machine-controller-manager/pkg/controller/machine_safety.go:545.16,547.3 1 0
github.com/gardener/machine-controller-manager/pkg/controller/machine_safety.go:550.24,554.55 3 0
github.com/gardener/machine-controller-manager/pkg/controller/machine_safety.go:554.55,557.4 2 0
github.com/gardener/machine-controller-manager/pkg/controller/machine_safety.go:560.48,563.47 2 0
github.com/gardener/machine-controller-manager/pkg/controller/machine_safety.go:563.47,566.4 1 0
github.com/gardener/machine-controller-manager/pkg/controller/machine_safety.go:566.9,566.64 1 0
github.com/gardener/machine-controller-manager/pkg/controller/machine_safety.go:566.64,570.46 1 0
github.com/gardener/machine-controller-manager/pkg/controller/machine_safety.go:577.4,578.36 2 0
github.com/gardener/machine-controller-manager/pkg/controller/machine_safety.go:570.46,572.13 2 0
github.com/gardener/machine-controller-manager/pkg/controller/machine_safety.go:578.36,579.33 1 0
github.com/gardener/machine-controller-manager/pkg/controller/machine_safety.go:579.33,582.91 2 0
github.com/gardener/machine-controller-manager/pkg/controller/machine_safety.go:582.91,586.7 3 0
github.com/gardener/machine-controller-manager/pkg/controller/machine_safety.go:595.58,598.2 2 0
github.com/gardener/machine-controller-manager/pkg/controller/machine_safety.go:601.61,604.2 2 0
github.com/gardener/machine-controller-manager/pkg/controller/machine_safety.go:607.75,609.2 1 0
github.com/gardener/machine-controller-manager/pkg/controller/machine_safety.go:612.72,614.2 1 0
github.com/gardener/machine-controller-manager/pkg/controller/machine_safety.go:617.117,622.23 3 0
github.com/gardener/machine-controller-manager/pkg/controller/machine_safety.go:627.2,636.16 3 0
github.com/gardener/machine-controller-manager/pkg/controller/machine_safety.go:622.23,625.3 2 0
github.com/gardener/machine-controller-manager/pkg/controller/machine_safety.go:636.16,638.3 1 0
github.com/gardener/machine-controller-manager/pkg/controller/machine_safety.go:638.8,640.3 1 0
github.com/gardener/machine-controller-manager/pkg/controller/machine_safety.go:644.122,650.16 3 0
github.com/gardener/machine-controller-manager/pkg/controller/machine_safety.go:656.2,662.16 7 0
github.com/gardener/machine-controller-manager/pkg/controller/machine_safety.go:667.2,668.25 2 0
github.com/gardener/machine-controller-manager/pkg/controller/machine_safety.go:671.2,673.16 3 0
github.com/gardener/machine-controller-manager/pkg/controller/machine_safety.go:678.2,679.34 2 0
github.com/gardener/machine-controller-manager/pkg/controller/machine_safety.go:689.2,690.12 2 0
github.com/gardener/machine-controller-manager/pkg/controller/machine_safety.go:650.16,654.3 2 0
github.com/gardener/machine-controller-manager/pkg/controller/machine_safety.go:662.16,665.3 2 0
github.com/gardener/machine-controller-manager/pkg/controller/machine_safety.go:668.25,670.3 1 0
github.com/gardener/machine-controller-manager/pkg/controller/machine_safety.go:673.16,676.3 2 0
github.com/gardener/machine-controller-manager/pkg/controller/machine_safety.go:679.34,681.31 2 0
github.com/gardener/machine-controller-manager/pkg/controller/machine_safety.go:681.31,683.18 2 0
github.com/gardener/machine-controller-manager/pkg/controller/machine_safety.go:683.18,685.5 1 0
github.com/gardener/machine-controller-manager/pkg/controller/machine_safety.go:694.93,699.34 3 0
github.com/gardener/machine-controller-manager/pkg/controller/machine_safety.go:707.2,708.16 2 0
github.com/gardener/machine-controller-manager/pkg/controller/machine_safety.go:712.2,712.12 1 0
github.com/gardener/machine-controller-manager/pkg/controller/machine_safety.go:699.34,702.17 3 0
github.com/gardener/machine-controller-manager/pkg/controller/machine_safety.go:702.17,704.4 1 0
github.com/gardener/machine-controller-manager/pkg/controller/machine_safety.go:708.16,710.3 1 0
github.com/gardener/machine-controller-manager/pkg/controller/machine_safety.go:716.80,718.23 1 0
github.com/gardener/machine-controller-manager/pkg/controller/machine_safety.go:725.2,726.16 2 0
github.com/gardener/machine-controller-manager/pkg/controller/machine_safety.go:732.2,737.16 6 0
github.com/gardener/machine-controller-manager/pkg/controller/machine_safety.go:742.2,743.30 2 0
github.com/gardener/machine-controller-manager/pkg/controller/machine_safety.go:746.2,747.25 2 0
github.com/gardener/machine-controller-manager/pkg/controller/machine_safety.go:750.2,752.16 3 0
github.com/gardener/machine-controller-manager/pkg/controller/machine_safety.go:757.2,758.12 2 0
github.com/gardener/machine-controller-manager/pkg/controller/machine_safety.go:718.23,722.3 3 0
github.com/gardener/machine-controller-manager/pkg/controller/machine_safety.go:726.16,730.3 2 0
github.com/gardener/machine-controller-manager/pkg/controller/machine_safety.go:737.16,740.3 2 0
github.com/gardener/machine-controller-manager/pkg/controller/machine_safety.go:743.30,745.3 1 0
github.com/gardener/machine-controller-manager/pkg/controller/machine_safety.go:747.25,749.3 1 0
github.com/gardener/machine-controller-manager/pkg/controller/machine_safety.go:752.16,755.3 2 0
github.com/gardener/machine-controller-manager/pkg/controller/machine_safety.go:762.130,765.16 2 0
github.com/gardener/machine-controller-manager/pkg/controller/machine_safety.go:770.2,776.16 7 0
github.com/gardener/machine-controller-manager/pkg/controller/machine_safety.go:781.2,782.25 2 0
github.com/gardener/machine-controller-manager/pkg/controller/machine_safety.go:785.2,787.16 3 0
github.com/gardener/machine-controller-manager/pkg/controller/machine_safety.go:792.2,793.12 2 0
github.com/gardener/machine-controller-manager/pkg/controller/machine_safety.go:765.16,768.3 2 0
github.com/gardener/machine-controller-manager/pkg/controller/machine_safety.go:776.16,779.3 2 0
github.com/gardener/machine-controller-manager/pkg/controller/machine_safety.go:782.25,784.3 1 0
github.com/gardener/machine-controller-manager/pkg/controller/machine_safety.go:787.16,790.3 2 0
github.com/gardener/machine-controller-manager/pkg/controller/machine_safety.go:797.116,799.30 1 0
github.com/gardener/machine-controller-manager/pkg/controller/machine_safety.go:806.2,807.16 2 0
github.com/gardener/machine-controller-manager/pkg/controller/machine_safety.go:813.2,818.16 6 0
github.com/gardener/machine-controller-manager/pkg/controller/machine_safety.go:823.2,824.30 2 0
github.com/gardener/machine-controller-manager/pkg/controller/machine_safety.go:827.2,828.25 2 0
github.com/gardener/machine-controller-manager/pkg/controller/machine_safety.go:831.2,833.16 3 0
github.com/gardener/machine-controller-manager/pkg/controller/machine_safety.go:838.2,839.12 2 0
github.com/gardener/machine-controller-manager/pkg/controller/machine_safety.go:799.30,803.3 3 0
github.com/gardener/machine-controller-manager/pkg/controller/machine_safety.go:807.16,811.3 2 0
github.com/gardener/machine-controller-manager/pkg/controller/machine_safety.go:818.16,821.3 2 0
github.com/gardener/machine-controller-manager/pkg/controller/machine_safety.go:824.30,826.3 1 0
github.com/gardener/machine-controller-manager/pkg/controller/machine_safety.go:828.25,830.3 1 0
github.com/gardener/machine-controller-manager/pkg/controller/machine_safety.go:833.16,836.3 2 0
github.com/gardener/machine-controller-manager/pkg/controller/machineset_util.go:46.194,49.71 2 0
github.com/gardener/machine-controller-manager/pkg/controller/machineset_util.go:65.2,65.52 1 0
github.com/gardener/machine-controller-manager/pkg/controller/machineset_util.go:70.2,70.21 1 0
github.com/gardener/machine-controller-manager/pkg/controller/machineset_util.go:49.71,52.17 3 0
github.com/gardener/machine-controller-manager/pkg/controller/machineset_util.go:55.3,57.51 2 0
github.com/gardener/machine-controller-manager/pkg/controller/machineset_util.go:60.3,61.13 2 0
github.com/gardener/machine-controller-manager/pkg/controller/machineset_util.go:52.17,54.4 1 0
github.com/gardener/machine-controller-manager/pkg/controller/machineset_util.go:57.51,59.4 1 0
github.com/gardener/machine-controller-manager/pkg/controller/machineset_util.go:65.52,68.3 2 0
github.com/gardener/machine-controller-manager/pkg/controller/machineset_util.go:74.84,78.2 3 0
github.com/gardener/machine-controller-manager/pkg/controller/machineset_util.go:81.120,86.38 3 0
github.com/gardener/machine-controller-manager/pkg/controller/machineset_util.go:105.2,105.12 1 0
github.com/gardener/machine-controller-manager/pkg/controller/machineset_util.go:86.38,88.32 1 0
github.com/gardener/machine-controller-manager/pkg/controller/machineset_util.go:92.3,94.26 2 0
github.com/gardener/machine-controller-manager/pkg/controller/machineset_util.go:88.32,89.12 1 0
github.com/gardener/machine-controller-manager/pkg/controller/machineset_util.go:94.26,96.51 1 0
github.com/gardener/machine-controller-manager/pkg/controller/machineset_util.go:99.4,99.18 1 0
github.com/gardener/machine-controller-manager/pkg/controller/machineset_util.go:102.4,102.162 1 0
github.com/gardener/machine-controller-manager/pkg/controller/machineset_util.go:96.51,98.6 1 0
github.com/gardener/machine-controller-manager/pkg/controller/machineset_util.go:99.18,101.5 1 0
github.com/gardener/machine-controller-manager/pkg/controller/machineset_util.go:111.109,119.27 5 0
github.com/gardener/machine-controller-manager/pkg/controller/machineset_util.go:122.2,122.30 1 0
github.com/gardener/machine-controller-manager/pkg/controller/machineset_util.go:119.27,121.3 1 0
github.com/gardener/machine-controller-manager/pkg/controller/machineset_util.go:126.113,131.38 3 0
github.com/gardener/machine-controller-manager/pkg/controller/machineset_util.go:150.2,150.12 1 0
github.com/gardener/machine-controller-manager/pkg/controller/machineset_util.go:131.38,133.32 1 0
github.com/gardener/machine-controller-manager/pkg/controller/machineset_util.go:137.3,139.20 2 0
github.com/gardener/machine-controller-manager/pkg/controller/machineset_util.go:133.32,134.12 1 0
github.com/gardener/machine-controller-manager/pkg/controller/machineset_util.go:139.20,141.51 1 0
github.com/gardener/machine-controller-manager/pkg/controller/machineset_util.go:144.4,144.18 1 0
github.com/gardener/machine-controller-manager/pkg/controller/machineset_util.go:147.4,147.156 1 0
github.com/gardener/machine-controller-manager/pkg/controller/machineset_util.go:141.51,143.6 1 0
github.com/gardener/machine-controller-manager/pkg/controller/machineset_util.go:144.18,146.5 1 0
github.com/gardener/machine-controller-manager/pkg/controller/machineset_util.go:156.102,164.21 5 0
github.com/gardener/machine-controller-manager/pkg/controller/machineset_util.go:167.2,167.24 1 0
github.com/gardener/machine-controller-manager/pkg/controller/machineset_util.go:164.21,166.3 1 0
github.com/gardener/machine-controller-manager/pkg/controller/metrics.go:31.59,35.2 3 0
github.com/gardener/machine-controller-manager/pkg/controller/metrics.go:38.83,40.16 2 0
github.com/gardener/machine-controller-manager/pkg/controller/metrics.go:44.2,45.16 2 0
github.com/gardener/machine-controller-manager/pkg/controller/metrics.go:49.2,51.58 2 0
github.com/gardener/machine-controller-manager/pkg/controller/metrics.go:40.16,43.3 2 0
github.com/gardener/machine-controller-manager/pkg/controller/metrics.go:45.16,48.3 2 0
github.com/gardener/machine-controller-manager/pkg/controller/metrics.go:51.58,64.20 5 0
github.com/gardener/machine-controller-manager/pkg/controller/metrics.go:67.3,79.82 4 0
github.com/gardener/machine-controller-manager/pkg/controller/metrics.go:87.3,87.41 1 0
github.com/gardener/machine-controller-manager/pkg/controller/metrics.go:92.3,92.44 1 0
github.com/gardener/machine-controller-manager/pkg/controller/metrics.go:97.3,97.31 1 0
github.com/gardener/machine-controller-manager/pkg/controller/metrics.go:103.3,103.65 1 0
github.com/gardener/machine-controller-manager/pkg/controller/metrics.go:121.3,131.53 7 0
github.com/gardener/machine-controller-manager/pkg/controller/metrics.go:135.3,135.53 1 0
github.com/gardener/machine-controller-manager/pkg/controller/metrics.go:64.20,66.4 1 0
github.com/gardener/machine-controller-manager/pkg/controller/metrics.go:79.82,86.4 2 0
github.com/gardener/machine-controller-manager/pkg/controller/metrics.go:87.41,91.4 1 0
github.com/gardener/machine-controller-manager/pkg/controller/metrics.go:92.44,96.4 1 0
github.com/gardener/machine-controller-manager/pkg/controller/metrics.go:97.31,101.4 1 0
github.com/gardener/machine-controller-manager/pkg/controller/metrics.go:103.65,105.28 2 0
github.com/gardener/machine-controller-manager/pkg/controller/metrics.go:114.4,118.18 1 0
github.com/gardener/machine-controller-manager/pkg/controller/metrics.go:106.32,107.15 1 0
github.com/gardener/machine-controller-manager/pkg/controller/metrics.go:108.33,109.15 1 0
github.com/gardener/machine-controller-manager/pkg/controller/metrics.go:110.35,111.15 1 0
github.com/gardener/machine-controller-manager/pkg/controller/metrics.go:131.53,133.4 1 0
github.com/gardener/machine-controller-manager/pkg/controller/metrics.go:135.53,136.74 1 0
github.com/gardener/machine-controller-manager/pkg/controller/metrics.go:136.74,146.5 1 0
github.com/gardener/machine-controller-manager/pkg/controller/metrics.go:153.76,155.16 2 0
github.com/gardener/machine-controller-manager/pkg/controller/metrics.go:159.2,160.16 2 0
github.com/gardener/machine-controller-manager/pkg/controller/metrics.go:164.2,166.44 2 0
github.com/gardener/machine-controller-manager/pkg/controller/metrics.go:155.16,158.3 2 0
github.com/gardener/machine-controller-manager/pkg/controller/metrics.go:160.16,163.3 2 0
github.com/gardener/machine-controller-manager/pkg/controller/metrics.go:166.44,186.58 6 0
github.com/gardener/machine-controller-manager/pkg/controller/metrics.go:204.3,224.46 5 0
github.com/gardener/machine-controller-manager/pkg/controller/metrics.go:186.58,188.28 2 0
github.com/gardener/machine-controller-manager/pkg/controller/metrics.go:197.4,201.18 1 0
github.com/gardener/machine-controller-manager/pkg/controller/metrics.go:189.32,190.15 1 0
github.com/gardener/machine-controller-manager/pkg/controller/metrics.go:191.33,192.15 1 0
github.com/gardener/machine-controller-manager/pkg/controller/metrics.go:193.35,194.15 1 0
github.com/gardener/machine-controller-manager/pkg/controller/metrics.go:224.46,226.68 1 0
github.com/gardener/machine-controller-manager/pkg/controller/metrics.go:226.68,235.5 1 0
github.com/gardener/machine-controller-manager/pkg/controller/metrics.go:241.73,244.16 2 0
github.com/gardener/machine-controller-manager/pkg/controller/metrics.go:249.2,249.38 1 0
github.com/gardener/machine-controller-manager/pkg/controller/metrics.go:302.2,303.16 2 0
github.com/gardener/machine-controller-manager/pkg/controller/metrics.go:307.2,307.14 1 0
github.com/gardener/machine-controller-manager/pkg/controller/metrics.go:244.16,247.3 2 0
github.com/gardener/machine-controller-manager/pkg/controller/metrics.go:249.38,262.55 4 0
github.com/gardener/machine-controller-manager/pkg/controller/metrics.go:280.3,281.45 2 0
github.com/gardener/machine-controller-manager/pkg/controller/metrics.go:295.3,298.16 1 0
github.com/gardener/machine-controller-manager/pkg/controller/metrics.go:262.55,264.28 2 0
github.com/gardener/machine-controller-manager/pkg/controller/metrics.go:273.4,277.18 1 0
github.com/gardener/machine-controller-manager/pkg/controller/metrics.go:265.26,266.15 1 0
github.com/gardener/machine-controller-manager/pkg/controller/metrics.go:267.27,268.15 1 0
github.com/gardener/machine-controller-manager/pkg/controller/metrics.go:269.29,270.15 1 0
github.com/gardener/machine-controller-manager/pkg/controller/metrics.go:282.32,283.14 1 0
github.com/gardener/machine-controller-manager/pkg/controller/metrics.go:284.34,285.14 1 0
github.com/gardener/machine-controller-manager/pkg/controller/metrics.go:286.32,287.13 1 0
github.com/gardener/machine-controller-manager/pkg/controller/metrics.go:288.36,289.13 1 0
github.com/gardener/machine-controller-manager/pkg/controller/metrics.go:290.32,291.13 1 0
github.com/gardener/machine-controller-manager/pkg/controller/metrics.go:292.31,293.13 1 0
github.com/gardener/machine-controller-manager/pkg/controller/metrics.go:303.16,306.3 2 0
github.com/gardener/machine-controller-manager/pkg/controller/metrics.go:312.88,314.45 2 0
github.com/gardener/machine-controller-manager/pkg/controller/metrics.go:317.2,318.16 2 0
github.com/gardener/machine-controller-manager/pkg/controller/metrics.go:322.2,322.14 1 0
github.com/gardener/machine-controller-manager/pkg/controller/metrics.go:314.45,316.3 1 0
github.com/gardener/machine-controller-manager/pkg/controller/metrics.go:318.16,321.3 2 0
github.com/gardener/machine-controller-manager/pkg/controller/metrics.go:326.59,331.2 4 0
github.com/gardener/machine-controller-manager/pkg/controller/openstackmachineclass.go:38.86,40.37 2 0
github.com/gardener/machine-controller-manager/pkg/controller/openstackmachineclass.go:43.2,43.82 1 0
github.com/gardener/machine-controller-manager/pkg/controller/openstackmachineclass.go:40.37,42.3 1 0
github.com/gardener/machine-controller-manager/pkg/controller/openstackmachineclass.go:43.82,45.3 1 0
github.com/gardener/machine-controller-manager/pkg/controller/openstackmachineclass.go:48.79,50.30 2 0
github.com/gardener/machine-controller-manager/pkg/controller/openstackmachineclass.go:53.2,53.75 1 0
github.com/gardener/machine-controller-manager/pkg/controller/openstackmachineclass.go:50.30,52.3 1 0
github.com/gardener/machine-controller-manager/pkg/controller/openstackmachineclass.go:53.75,55.3 1 0
github.com/gardener/machine-controller-manager/pkg/controller/openstackmachineclass.go:58.76,60.27 2 0
github.com/gardener/machine-controller-manager/pkg/controller/openstackmachineclass.go:63.2,63.58 1 0
github.com/gardener/machine-controller-manager/pkg/controller/openstackmachineclass.go:60.27,62.3 1 0
github.com/gardener/machine-controller-manager/pkg/controller/openstackmachineclass.go:63.58,65.3 1 0
github.com/gardener/machine-controller-manager/pkg/controller/openstackmachineclass.go:68.64,70.16 2 0
github.com/gardener/machine-controller-manager/pkg/controller/openstackmachineclass.go:74.2,74.39 1 0
github.com/gardener/machine-controller-manager/pkg/controller/openstackmachineclass.go:70.16,73.3 2 0
github.com/gardener/machine-controller-manager/pkg/controller/openstackmachineclass.go:77.78,79.23 2 0
github.com/gardener/machine-controller-manager/pkg/controller/openstackmachineclass.go:82.2,83.23 2 0
github.com/gardener/machine-controller-manager/pkg/controller/openstackmachineclass.go:87.2,87.36 1 0
github.com/gardener/machine-controller-manager/pkg/controller/openstackmachineclass.go:79.23,81.3 1 0
github.com/gardener/machine-controller-manager/pkg/controller/openstackmachineclass.go:83.23,85.3 1 0
github.com/gardener/machine-controller-manager/pkg/controller/openstackmachineclass.go:92.81,94.16 2 0
github.com/gardener/machine-controller-manager/pkg/controller/openstackmachineclass.go:98.2,99.28 2 0
github.com/gardener/machine-controller-manager/pkg/controller/openstackmachineclass.go:103.2,103.16 1 0
github.com/gardener/machine-controller-manager/pkg/controller/openstackmachineclass.go:108.2,108.55 1 0
github.com/gardener/machine-controller-manager/pkg/controller/openstackmachineclass.go:94.16,96.3 1 0
github.com/gardener/machine-controller-manager/pkg/controller/openstackmachineclass.go:99.28,102.3 2 0
github.com/gardener/machine-controller-manager/pkg/controller/openstackmachineclass.go:103.16,106.3 2 0
github.com/gardener/machine-controller-manager/pkg/controller/openstackmachineclass.go:111.105,113.15 2 0
github.com/gardener/machine-controller-manager/pkg/controller/openstackmachineclass.go:118.2,120.16 3 0
github.com/gardener/machine-controller-manager/pkg/controller/openstackmachineclass.go:125.2,126.89 2 0
github.com/gardener/machine-controller-manager/pkg/controller/openstackmachineclass.go:132.2,132.36 1 0
github.com/gardener/machine-controller-manager/pkg/controller/openstackmachineclass.go:139.2,140.16 2 0
github.com/gardener/machine-controller-manager/pkg/controller/openstackmachineclass.go:144.2,144.36 1 0
github.com/gardener/machine-controller-manager/pkg/controller/openstackmachineclass.go:165.2,165.35 1 0
github.com/gardener/machine-controller-manager/pkg/controller/openstackmachineclass.go:168.2,168.12 1 0
github.com/gardener/machine-controller-manager/pkg/controller/openstackmachineclass.go:113.15,116.3 2 0
github.com/gardener/machine-controller-manager/pkg/controller/openstackmachineclass.go:120.16,122.3 1 0
github.com/gardener/machine-controller-manager/pkg/controller/openstackmachineclass.go:126.89,129.3 2 0
github.com/gardener/machine-controller-manager/pkg/controller/openstackmachineclass.go:132.36,134.17 2 0
github.com/gardener/machine-controller-manager/pkg/controller/openstackmachineclass.go:134.17,136.4 1 0
github.com/gardener/machine-controller-manager/pkg/controller/openstackmachineclass.go:140.16,142.3 1 0
github.com/gardener/machine-controller-manager/pkg/controller/openstackmachineclass.go:144.36,145.94 1 0
github.com/gardener/machine-controller-manager/pkg/controller/openstackmachineclass.go:149.3,150.17 2 0
github.com/gardener/machine-controller-manager/pkg/controller/openstackmachineclass.go:153.3,154.17 2 0
github.com/gardener/machine-controller-manager/pkg/controller/openstackmachineclass.go:157.3,157.82 1 0
github.com/gardener/machine-controller-manager/pkg/controller/openstackmachineclass.go:161.3,162.13 2 0
github.com/gardener/machine-controller-manager/pkg/controller/openstackmachineclass.go:145.94,147.4 1 0
github.com/gardener/machine-controller-manager/pkg/controller/openstackmachineclass.go:150.17,152.4 1 0
github.com/gardener/machine-controller-manager/pkg/controller/openstackmachineclass.go:154.17,156.4 1 0
github.com/gardener/machine-controller-manager/pkg/controller/openstackmachineclass.go:157.82,159.4 1 0
github.com/gardener/machine-controller-manager/pkg/controller/openstackmachineclass.go:165.35,167.3 1 0
github.com/gardener/machine-controller-manager/pkg/controller/openstackmachineclass.go:176.102,179.93 2 0
github.com/gardener/machine-controller-manager/pkg/controller/openstackmachineclass.go:183.2,183.12 1 0
github.com/gardener/machine-controller-manager/pkg/controller/openstackmachineclass.go:179.93,182.3 2 0
github.com/gardener/machine-controller-manager/pkg/controller/openstackmachineclass.go:186.105,189.92 2 0
github.com/gardener/machine-controller-manager/pkg/controller/openstackmachineclass.go:193.2,193.12 1 0
github.com/gardener/machine-controller-manager/pkg/controller/openstackmachineclass.go:189.92,192.3 2 0
github.com/gardener/machine-controller-manager/pkg/controller/openstackmachineclass.go:196.126,199.16 2 0
github.com/gardener/machine-controller-manager/pkg/controller/openstackmachineclass.go:203.2,206.16 4 0
github.com/gardener/machine-controller-manager/pkg/controller/openstackmachineclass.go:210.2,211.12 2 0
github.com/gardener/machine-controller-manager/pkg/controller/openstackmachineclass.go:199.16,201.3 1 0
github.com/gardener/machine-controller-manager/pkg/controller/openstackmachineclass.go:206.16,209.3 2 0
github.com/gardener/machine-controller-manager/pkg/controller/openstackmachineclass.go:214.94,216.16 2 0
github.com/gardener/machine-controller-manager/pkg/controller/openstackmachineclass.go:219.2,219.51 1 0
github.com/gardener/machine-controller-manager/pkg/controller/openstackmachineclass.go:216.16,218.3 1 0
github.com/gardener/machine-controller-manager/pkg/controller/azuremachineclass.go:38.82,40.37 2 0
github.com/gardener/machine-controller-manager/pkg/controller/azuremachineclass.go:43.2,43.78 1 0
github.com/gardener/machine-controller-manager/pkg/controller/azuremachineclass.go:40.37,42.3 1 0
github.com/gardener/machine-controller-manager/pkg/controller/azuremachineclass.go:43.78,45.3 1 0
github.com/gardener/machine-controller-manager/pkg/controller/azuremachineclass.go:48.75,50.30 2 0
github.com/gardener/machine-controller-manager/pkg/controller/azuremachineclass.go:53.2,53.71 1 0
github.com/gardener/machine-controller-manager/pkg/controller/azuremachineclass.go:50.30,52.3 1 0
github.com/gardener/machine-controller-manager/pkg/controller/azuremachineclass.go:53.71,55.3 1 0
github.com/gardener/machine-controller-manager/pkg/controller/azuremachineclass.go:58.72,60.27 2 0
github.com/gardener/machine-controller-manager/pkg/controller/azuremachineclass.go:63.2,63.54 1 0
github.com/gardener/machine-controller-manager/pkg/controller/azuremachineclass.go:60.27,62.3 1 0
github.com/gardener/machine-controller-manager/pkg/controller/azuremachineclass.go:63.54,65.3 1 0
github.com/gardener/machine-controller-manager/pkg/controller/azuremachineclass.go:68.60,70.16 2 0
github.com/gardener/machine-controller-manager/pkg/controller/azuremachineclass.go:74.2,74.35 1 0
github.com/gardener/machine-controller-manager/pkg/controller/azuremachineclass.go:70.16,73.3 2 0
github.com/gardener/machine-controller-manager/pkg/controller/azuremachineclass.go:77.74,79.23 2 0
github.com/gardener/machine-controller-manager/pkg/controller/azuremachineclass.go:82.2,83.23 2 0
github.com/gardener/machine-controller-manager/pkg/controller/azuremachineclass.go:87.2,87.32 1 0
github.com/gardener/machine-controller-manager/pkg/controller/azuremachineclass.go:79.23,81.3 1 0
github.com/gardener/machine-controller-manager/pkg/controller/azuremachineclass.go:83.23,85.3 1 0
github.com/gardener/machine-controller-manager/pkg/controller/azuremachineclass.go:92.77,94.16 2 0
github.com/gardener/machine-controller-manager/pkg/controller/azuremachineclass.go:98.2,100.28 2 0
github.com/gardener/machine-controller-manager/pkg/controller/azuremachineclass.go:104.2,104.16 1 0
github.com/gardener/machine-controller-manager/pkg/controller/azuremachineclass.go:109.2,109.51 1 0
github.com/gardener/machine-controller-manager/pkg/controller/azuremachineclass.go:94.16,96.3 1 0
github.com/gardener/machine-controller-manager/pkg/controller/azuremachineclass.go:100.28,103.3 2 0
github.com/gardener/machine-controller-manager/pkg/controller/azuremachineclass.go:104.16,107.3 2 0
github.com/gardener/machine-controller-manager/pkg/controller/azuremachineclass.go:112.97,114.15 2 0
github.com/gardener/machine-controller-manager/pkg/controller/azuremachineclass.go:119.2,121.16 3 0
github.com/gardener/machine-controller-manager/pkg/controller/azuremachineclass.go:125.2,126.89 2 0
github.com/gardener/machine-controller-manager/pkg/controller/azuremachineclass.go:132.2,132.36 1 0
github.com/gardener/machine-controller-manager/pkg/controller/azuremachineclass.go:139.2,140.16 2 0
github.com/gardener/machine-controller-manager/pkg/controller/azuremachineclass.go:144.2,144.36 1 0
github.com/gardener/machine-controller-manager/pkg/controller/azuremachineclass.go:165.2,165.35 1 0
github.com/gardener/machine-controller-manager/pkg/controller/azuremachineclass.go:168.2,168.12 1 0
github.com/gardener/machine-controller-manager/pkg/controller/azuremachineclass.go:114.15,117.3 2 0
github.com/gardener/machine-controller-manager/pkg/controller/azuremachineclass.go:121.16,123.3 1 0
github.com/gardener/machine-controller-manager/pkg/controller/azuremachineclass.go:126.89,129.3 2 0
github.com/gardener/machine-controller-manager/pkg/controller/azuremachineclass.go:132.36,134.17 2 0
github.com/gardener/machine-controller-manager/pkg/controller/azuremachineclass.go:134.17,136.4 1 0
github.com/gardener/machine-controller-manager/pkg/controller/azuremachineclass.go:140.16,142.3 1 0
github.com/gardener/machine-controller-manager/pkg/controller/azuremachineclass.go:144.36,145.94 1 0
github.com/gardener/machine-controller-manager/pkg/controller/azuremachineclass.go:149.3,150.17 2 0
github.com/gardener/machine-controller-manager/pkg/controller/azuremachineclass.go:153.3,154.17 2 0
github.com/gardener/machine-controller-manager/pkg/controller/azuremachineclass.go:157.3,157.82 1 0
github.com/gardener/machine-controller-manager/pkg/controller/azuremachineclass.go:161.3,162.13 2 0
github.com/gardener/machine-controller-manager/pkg/controller/azuremachineclass.go:145.94,147.4 1 0
github.com/gardener/machine-controller-manager/pkg/controller/azuremachineclass.go:150.17,152.4 1 0
github.com/gardener/machine-controller-manager/pkg/controller/azuremachineclass.go:154.17,156.4 1 0
github.com/gardener/machine-controller-manager/pkg/controller/azuremachineclass.go:157.82,159.4 1 0
github.com/gardener/machine-controller-manager/pkg/controller/azuremachineclass.go:165.35,167.3 1 0
github.com/gardener/machine-controller-manager/pkg/controller/azuremachineclass.go:176.94,179.93 2 0
github.com/gardener/machine-controller-manager/pkg/controller/azuremachineclass.go:183.2,183.12 1 0
github.com/gardener/machine-controller-manager/pkg/controller/azuremachineclass.go:179.93,182.3 2 0
github.com/gardener/machine-controller-manager/pkg/controller/azuremachineclass.go:186.97,189.92 2 0
github.com/gardener/machine-controller-manager/pkg/controller/azuremachineclass.go:193.2,193.12 1 0
github.com/gardener/machine-controller-manager/pkg/controller/azuremachineclass.go:189.92,192.3 2 0
github.com/gardener/machine-controller-manager/pkg/controller/azuremachineclass.go:196.118,199.16 2 0
github.com/gardener/machine-controller-manager/pkg/controller/azuremachineclass.go:203.2,206.16 4 0
github.com/gardener/machine-controller-manager/pkg/controller/azuremachineclass.go:210.2,211.12 2 0
github.com/gardener/machine-controller-manager/pkg/controller/azuremachineclass.go:199.16,201.3 1 0
github.com/gardener/machine-controller-manager/pkg/controller/azuremachineclass.go:206.16,209.3 2 0
github.com/gardener/machine-controller-manager/pkg/controller/azuremachineclass.go:214.90,216.16 2 0
github.com/gardener/machine-controller-manager/pkg/controller/azuremachineclass.go:219.2,219.47 1 0
github.com/gardener/machine-controller-manager/pkg/controller/azuremachineclass.go:216.16,218.3 1 0
github.com/gardener/machine-controller-manager/pkg/controller/hashtest.go:55.48,58.28 2 0
github.com/gardener/machine-controller-manager/pkg/controller/hashtest.go:58.28,63.36 5 0
github.com/gardener/machine-controller-manager/pkg/controller/hashtest.go:67.3,67.23 1 0
github.com/gardener/machine-controller-manager/pkg/controller/hashtest.go:63.36,65.9 2 0
github.com/gardener/machine-controller-manager/pkg/controller/hashtest.go:72.35,76.27 3 0
github.com/gardener/machine-controller-manager/pkg/controller/hashtest.go:76.27,78.3 1 0
github.com/gardener/machine-controller-manager/pkg/controller/hashtest.go:81.82,85.2 3 0
github.com/gardener/machine-controller-manager/pkg/controller/hashtest.go:88.33,92.27 3 0
github.com/gardener/machine-controller-manager/pkg/controller/hashtest.go:92.27,94.3 1 0
github.com/gardener/machine-controller-manager/pkg/controller/machine_util.go:56.205,59.71 2 0
github.com/gardener/machine-controller-manager/pkg/controller/machine_util.go:76.2,76.52 1 0
github.com/gardener/machine-controller-manager/pkg/controller/machine_util.go:81.2,81.26 1 0
github.com/gardener/machine-controller-manager/pkg/controller/machine_util.go:59.71,62.17 3 0
github.com/gardener/machine-controller-manager/pkg/controller/machine_util.go:65.3,67.56 2 0
github.com/gardener/machine-controller-manager/pkg/controller/machine_util.go:70.3,71.13 2 0
github.com/gardener/machine-controller-manager/pkg/controller/machine_util.go:62.17,64.4 1 0
github.com/gardener/machine-controller-manager/pkg/controller/machine_util.go:67.56,69.4 1 0
github.com/gardener/machine-controller-manager/pkg/controller/machine_util.go:76.52,79.3 2 0
github.com/gardener/machine-controller-manager/pkg/controller/machine_util.go:84.107,89.24 3 0
github.com/gardener/machine-controller-manager/pkg/controller/machine_util.go:263.2,263.37 1 0
github.com/gardener/machine-controller-manager/pkg/controller/machine_util.go:90.27,92.17 2 0
github.com/gardener/machine-controller-manager/pkg/controller/machine_util.go:96.3,101.17 4 0
github.com/gardener/machine-controller-manager/pkg/controller/machine_util.go:106.3,107.90 2 0
github.com/gardener/machine-controller-manager/pkg/controller/machine_util.go:113.3,114.37 2 0
github.com/gardener/machine-controller-manager/pkg/controller/machine_util.go:118.29,120.17 2 0
github.com/gardener/machine-controller-manager/pkg/controller/machine_util.go:124.3,129.17 4 0
github.com/gardener/machine-controller-manager/pkg/controller/machine_util.go:134.3,135.90 2 0
github.com/gardener/machine-controller-manager/pkg/controller/machine_util.go:141.3,142.37 2 0
github.com/gardener/machine-controller-manager/pkg/controller/machine_util.go:147.27,149.17 2 0
github.com/gardener/machine-controller-manager/pkg/controller/machine_util.go:153.3,158.17 4 0
github.com/gardener/machine-controller-manager/pkg/controller/machine_util.go:163.3,164.90 2 0
github.com/gardener/machine-controller-manager/pkg/controller/machine_util.go:170.3,171.37 2 0
github.com/gardener/machine-controller-manager/pkg/controller/machine_util.go:175.33,177.17 2 0
github.com/gardener/machine-controller-manager/pkg/controller/machine_util.go:181.3,186.17 4 0
github.com/gardener/machine-controller-manager/pkg/controller/machine_util.go:191.3,192.90 2 0
github.com/gardener/machine-controller-manager/pkg/controller/machine_util.go:198.3,199.37 2 0
github.com/gardener/machine-controller-manager/pkg/controller/machine_util.go:203.32,205.17 2 0
github.com/gardener/machine-controller-manager/pkg/controller/machine_util.go:209.3,214.17 4 0
github.com/gardener/machine-controller-manager/pkg/controller/machine_util.go:219.3,220.90 2 0
github.com/gardener/machine-controller-manager/pkg/controller/machine_util.go:226.3,227.37 2 0
github.com/gardener/machine-controller-manager/pkg/controller/machine_util.go:231.30,233.17 2 0
github.com/gardener/machine-controller-manager/pkg/controller/machine_util.go:237.3,242.17 4 0
github.com/gardener/machine-controller-manager/pkg/controller/machine_util.go:247.3,248.90 2 0
github.com/gardener/machine-controller-manager/pkg/controller/machine_util.go:254.3,255.37 2 0
github.com/gardener/machine-controller-manager/pkg/controller/machine_util.go:259.10,260.111 1 0
github.com/gardener/machine-controller-manager/pkg/controller/machine_util.go:92.17,95.4 2 0
github.com/gardener/machine-controller-manager/pkg/controller/machine_util.go:101.17,104.4 2 0
github.com/gardener/machine-controller-manager/pkg/controller/machine_util.go:107.90,110.4 2 0
github.com/gardener/machine-controller-manager/pkg/controller/machine_util.go:114.37,117.4 2 0
github.com/gardener/machine-controller-manager/pkg/controller/machine_util.go:120.17,123.4 2 0
github.com/gardener/machine-controller-manager/pkg/controller/machine_util.go:129.17,132.4 2 0
github.com/gardener/machine-controller-manager/pkg/controller/machine_util.go:135.90,138.4 2 0
github.com/gardener/machine-controller-manager/pkg/controller/machine_util.go:142.37,146.4 2 0
github.com/gardener/machine-controller-manager/pkg/controller/machine_util.go:149.17,152.4 2 0
github.com/gardener/machine-controller-manager/pkg/controller/machine_util.go:158.17,161.4 2 0
github.com/gardener/machine-controller-manager/pkg/controller/machine_util.go:164.90,167.4 2 0
github.com/gardener/machine-controller-manager/pkg/controller/machine_util.go:171.37,174.4 2 0
github.com/gardener/machine-controller-manager/pkg/controller/machine_util.go:177.17,180.4 2 0
github.com/gardener/machine-controller-manager/pkg/controller/machine_util.go:186.17,189.4 2 0
github.com/gardener/machine-controller-manager/pkg/controller/machine_util.go:192.90,195.4 2 0
github.com/gardener/machine-controller-manager/pkg/controller/machine_util.go:199.37,202.4 2 0
github.com/gardener/machine-controller-manager/pkg/controller/machine_util.go:205.17,208.4 2 0
github.com/gardener/machine-controller-manager/pkg/controller/machine_util.go:214.17,217.4 2 0
github.com/gardener/machine-controller-manager/pkg/controller/machine_util.go:220.90,223.4 2 0
github.com/gardener/machine-controller-manager/pkg/controller/machine_util.go:227.37,230.4 2 0
github.com/gardener/machine-controller-manager/pkg/controller/machine_util.go:233.17,236.4 2 0
github.com/gardener/machine-controller-manager/pkg/controller/machine_util.go:242.17,245.4 2 0
[...]
github.com/gardener/machine-controller-manager/pkg/controller/machineset.go:519.105,523.4 2 0
github.com/gardener/machine-controller-manager/pkg/controller/machineset.go:531.16,534.33 1 0
github.com/gardener/machine-controller-manager/pkg/controller/machineset.go:537.3,537.13 1 0
github.com/gardener/machine-controller-manager/pkg/controller/machineset.go:534.33,536.4 1 0
github.com/gardener/machine-controller-manager/pkg/controller/machineset.go:546.162,549.73 1 1
github.com/gardener/machine-controller-manager/pkg/controller/machineset.go:559.2,560.43 2 1
github.com/gardener/machine-controller-manager/pkg/controller/machineset.go:549.73,551.17 2 0
github.com/gardener/machine-controller-manager/pkg/controller/machineset.go:554.3,554.34 1 0
github.com/gardener/machine-controller-manager/pkg/controller/machineset.go:557.3,557.20 1 0
github.com/gardener/machine-controller-manager/pkg/controller/machineset.go:551.17,553.4 1 0
github.com/gardener/machine-controller-manager/pkg/controller/machineset.go:554.34,556.4 1 0
github.com/gardener/machine-controller-manager/pkg/controller/machineset.go:574.84,577.130 3 0
github.com/gardener/machine-controller-manager/pkg/controller/machineset.go:599.2,599.23 1 0
github.com/gardener/machine-controller-manager/pkg/controller/machineset.go:577.130,583.34 5 0
github.com/gardener/machine-controller-manager/pkg/controller/machineset.go:591.3,594.21 4 0
github.com/gardener/machine-controller-manager/pkg/controller/machineset.go:597.3,597.25 1 0
github.com/gardener/machine-controller-manager/pkg/controller/machineset.go:583.34,584.14 1 0
github.com/gardener/machine-controller-manager/pkg/controller/machineset.go:584.14,586.32 2 0
github.com/gardener/machine-controller-manager/pkg/controller/machineset.go:586.32,588.6 1 0
github.com/gardener/machine-controller-manager/pkg/controller/machineset.go:594.21,596.4 1 0
github.com/gardener/machine-controller-manager/pkg/controller/machineset.go:602.94,605.34 1 0
github.com/gardener/machine-controller-manager/pkg/controller/machineset.go:611.2,611.32 1 0
github.com/gardener/machine-controller-manager/pkg/controller/machineset.go:605.34,610.3 1 0
github.com/gardener/machine-controller-manager/pkg/controller/machineset.go:614.60,616.35 2 0
github.com/gardener/machine-controller-manager/pkg/controller/machineset.go:619.2,619.20 1 0
github.com/gardener/machine-controller-manager/pkg/controller/machineset.go:616.35,618.3 1 0
github.com/gardener/machine-controller-manager/pkg/controller/machineset.go:622.154,626.44 2 0
github.com/gardener/machine-controller-manager/pkg/controller/machineset.go:630.2,631.16 2 0
github.com/gardener/machine-controller-manager/pkg/controller/machineset.go:636.2,636.112 1 0
github.com/gardener/machine-controller-manager/pkg/controller/machineset.go:645.2,657.74 4 0
github.com/gardener/machine-controller-manager/pkg/controller/machineset.go:626.44,628.3 1 0
github.com/gardener/machine-controller-manager/pkg/controller/machineset.go:631.16,634.3 2 0
github.com/gardener/machine-controller-manager/pkg/controller/machineset.go:636.112,642.3 4 0
github.com/gardener/machine-controller-manager/pkg/controller/machineset.go:660.117,669.43 4 0
github.com/gardener/machine-controller-manager/pkg/controller/machineset.go:672.2,674.9 2 0
github.com/gardener/machine-controller-manager/pkg/controller/machineset.go:683.2,683.12 1 0
github.com/gardener/machine-controller-manager/pkg/controller/machineset.go:669.43,671.3 1 0
github.com/gardener/machine-controller-manager/pkg/controller/machineset.go:675.22,677.17 1 0
github.com/gardener/machine-controller-manager/pkg/controller/machineset.go:680.10,680.10 0 0
github.com/gardener/machine-controller-manager/pkg/controller/machineset.go:677.17,679.4 1 0
github.com/gardener/machine-controller-manager/pkg/controller/machineset.go:691.79,694.93 2 0
github.com/gardener/machine-controller-manager/pkg/controller/machineset.go:694.93,697.3 2 0
github.com/gardener/machine-controller-manager/pkg/controller/machineset.go:700.82,703.92 2 0
github.com/gardener/machine-controller-manager/pkg/controller/machineset.go:703.92,706.3 2 0
github.com/gardener/machine-controller-manager/pkg/controller/machineset.go:709.103,712.16 2 0
github.com/gardener/machine-controller-manager/pkg/controller/machineset.go:716.2,719.16 4 0
github.com/gardener/machine-controller-manager/pkg/controller/machineset.go:712.16,714.3 1 0
github.com/gardener/machine-controller-manager/pkg/controller/machineset.go:719.16,723.3 2 0
github.com/gardener/machine-controller-manager/pkg/controller/secret.go:34.66,36.16 2 0
github.com/gardener/machine-controller-manager/pkg/controller/secret.go:43.2,44.28 2 0
github.com/gardener/machine-controller-manager/pkg/controller/secret.go:52.2,52.41 1 0
github.com/gardener/machine-controller-manager/pkg/controller/secret.go:36.16,38.3 1 0
github.com/gardener/machine-controller-manager/pkg/controller/secret.go:38.8,38.37 1 0
github.com/gardener/machine-controller-manager/pkg/controller/secret.go:38.37,41.3 1 0
github.com/gardener/machine-controller-manager/pkg/controller/secret.go:44.28,47.3 2 0
github.com/gardener/machine-controller-manager/pkg/controller/secret.go:47.8,47.23 1 0
github.com/gardener/machine-controller-manager/pkg/controller/secret.go:47.23,50.3 2 0
github.com/gardener/machine-controller-manager/pkg/controller/secret.go:57.74,61.15 3 0
github.com/gardener/machine-controller-manager/pkg/controller/secret.go:67.2,68.16 2 0
github.com/gardener/machine-controller-manager/pkg/controller/secret.go:72.2,72.12 1 0
github.com/gardener/machine-controller-manager/pkg/controller/secret.go:89.2,89.12 1 0
github.com/gardener/machine-controller-manager/pkg/controller/secret.go:61.15,64.3 2 0
github.com/gardener/machine-controller-manager/pkg/controller/secret.go:68.16,70.3 1 0
github.com/gardener/machine-controller-manager/pkg/controller/secret.go:72.12,75.17 2 0
github.com/gardener/machine-controller-manager/pkg/controller/secret.go:75.17,77.4 1 0
github.com/gardener/machine-controller-manager/pkg/controller/secret.go:78.8,79.95 1 0
github.com/gardener/machine-controller-manager/pkg/controller/secret.go:83.3,84.17 2 0
github.com/gardener/machine-controller-manager/pkg/controller/secret.go:79.95,82.4 1 0
github.com/gardener/machine-controller-manager/pkg/controller/secret.go:84.17,86.4 1 0
github.com/gardener/machine-controller-manager/pkg/controller/secret.go:97.71,100.93 2 0
github.com/gardener/machine-controller-manager/pkg/controller/secret.go:104.2,104.12 1 0
github.com/gardener/machine-controller-manager/pkg/controller/secret.go:100.93,103.3 2 0
github.com/gardener/machine-controller-manager/pkg/controller/secret.go:107.74,110.92 2 0
github.com/gardener/machine-controller-manager/pkg/controller/secret.go:114.2,114.12 1 0
github.com/gardener/machine-controller-manager/pkg/controller/secret.go:110.92,113.3 2 0
github.com/gardener/machine-controller-manager/pkg/controller/secret.go:117.95,120.16 2 0
github.com/gardener/machine-controller-manager/pkg/controller/secret.go:124.2,128.16 4 0
github.com/gardener/machine-controller-manager/pkg/controller/secret.go:132.2,133.12 2 0
github.com/gardener/machine-controller-manager/pkg/controller/secret.go:120.16,122.3 1 0
github.com/gardener/machine-controller-manager/pkg/controller/secret.go:128.16,131.3 2 0
github.com/gardener/machine-controller-manager/pkg/controller/secret.go:141.49,143.16 2 0
github.com/gardener/machine-controller-manager/pkg/controller/secret.go:147.2,147.24 1 0
github.com/gardener/machine-controller-manager/pkg/controller/secret.go:143.16,146.3 2 0
github.com/gardener/machine-controller-manager/pkg/controller/secret.go:150.52,152.2 1 0
github.com/gardener/machine-controller-manager/pkg/controller/secret.go:154.79,156.16 2 0
github.com/gardener/machine-controller-manager/pkg/controller/secret.go:159.2,159.36 1 0
github.com/gardener/machine-controller-manager/pkg/controller/secret.go:156.16,158.3 1 0
github.com/gardener/machine-controller-manager/pkg/controller/secret.go:162.72,164.32 2 0
github.com/gardener/machine-controller-manager/pkg/controller/secret.go:167.2,167.99 1 0
github.com/gardener/machine-controller-manager/pkg/controller/secret.go:164.32,166.3 1 0
github.com/gardener/machine-controller-manager/pkg/controller/secret.go:170.98,172.35 2 0
github.com/gardener/machine-controller-manager/pkg/controller/secret.go:175.2,176.35 2 0
github.com/gardener/machine-controller-manager/pkg/controller/secret.go:180.2,181.88 1 0
github.com/gardener/machine-controller-manager/pkg/controller/secret.go:172.35,174.3 1 0
github.com/gardener/machine-controller-manager/pkg/controller/secret.go:176.35,178.3 1 0
github.com/gardener/machine-controller-manager/pkg/controller/secret.go:181.88,184.3 2 0
github.com/gardener/machine-controller-manager/pkg/controller/secret.go:187.75,189.2 1 0
github.com/gardener/machine-controller-manager/pkg/controller/secret.go:191.66,193.32 2 0
github.com/gardener/machine-controller-manager/pkg/controller/secret.go:196.2,196.99 1 0
github.com/gardener/machine-controller-manager/pkg/controller/secret.go:193.32,195.3 1 0
github.com/gardener/machine-controller-manager/pkg/controller/secret.go:199.92,201.35 2 0
github.com/gardener/machine-controller-manager/pkg/controller/secret.go:204.2,205.35 2 0
github.com/gardener/machine-controller-manager/pkg/controller/secret.go:209.2,210.88 1 0
github.com/gardener/machine-controller-manager/pkg/controller/secret.go:201.35,203.3 1 0
github.com/gardener/machine-controller-manager/pkg/controller/secret.go:205.35,207.3 1 0
github.com/gardener/machine-controller-manager/pkg/controller/secret.go:210.88,213.3 2 0
github.com/gardener/machine-controller-manager/pkg/controller/secret.go:216.69,218.2 1 0
github.com/gardener/machine-controller-manager/pkg/controller/secret.go:220.68,222.32 2 0
github.com/gardener/machine-controller-manager/pkg/controller/secret.go:225.2,225.99 1 0
github.com/gardener/machine-controller-manager/pkg/controller/secret.go:222.32,224.3 1 0
github.com/gardener/machine-controller-manager/pkg/controller/secret.go:228.94,230.35 2 0
github.com/gardener/machine-controller-manager/pkg/controller/secret.go:233.2,234.35 2 0
github.com/gardener/machine-controller-manager/pkg/controller/secret.go:238.2,239.88 1 0
github.com/gardener/machine-controller-manager/pkg/controller/secret.go:230.35,232.3 1 0
github.com/gardener/machine-controller-manager/pkg/controller/secret.go:234.35,236.3 1 0
github.com/gardener/machine-controller-manager/pkg/controller/secret.go:239.88,242.3 2 0
github.com/gardener/machine-controller-manager/pkg/controller/secret.go:245.71,247.2 1 0
github.com/gardener/machine-controller-manager/pkg/controller/secret.go:249.71,251.32 2 0
github.com/gardener/machine-controller-manager/pkg/controller/secret.go:254.2,254.99 1 0
github.com/gardener/machine-controller-manager/pkg/controller/secret.go:251.32,253.3 1 0
github.com/gardener/machine-controller-manager/pkg/controller/secret.go:257.97,259.35 2 0
github.com/gardener/machine-controller-manager/pkg/controller/secret.go:262.2,263.35 2 0
github.com/gardener/machine-controller-manager/pkg/controller/secret.go:267.2,268.88 1 0
github.com/gardener/machine-controller-manager/pkg/controller/secret.go:259.35,261.3 1 0
github.com/gardener/machine-controller-manager/pkg/controller/secret.go:263.35,265.3 1 0
github.com/gardener/machine-controller-manager/pkg/controller/secret.go:268.88,271.3 2 0
github.com/gardener/machine-controller-manager/pkg/controller/secret.go:274.74,276.2 1 0
github.com/gardener/machine-controller-manager/pkg/controller/secret.go:278.66,280.32 2 0
github.com/gardener/machine-controller-manager/pkg/controller/secret.go:283.2,283.99 1 0
github.com/gardener/machine-controller-manager/pkg/controller/secret.go:280.32,282.3 1 0
github.com/gardener/machine-controller-manager/pkg/controller/secret.go:286.92,288.35 2 0
github.com/gardener/machine-controller-manager/pkg/controller/secret.go:291.2,292.35 2 0
github.com/gardener/machine-controller-manager/pkg/controller/secret.go:296.2,297.88 1 0
github.com/gardener/machine-controller-manager/pkg/controller/secret.go:288.35,290.3 1 0
github.com/gardener/machine-controller-manager/pkg/controller/secret.go:292.35,294.3 1 0
github.com/gardener/machine-controller-manager/pkg/controller/secret.go:297.88,300.3 2 0
github.com/gardener/machine-controller-manager/pkg/controller/secret.go:303.69,305.2 1 0
github.com/gardener/machine-controller-manager/pkg/controller/secret.go:307.69,309.32 2 0
github.com/gardener/machine-controller-manager/pkg/controller/secret.go:312.2,312.99 1 0
github.com/gardener/machine-controller-manager/pkg/controller/secret.go:309.32,311.3 1 0
github.com/gardener/machine-controller-manager/pkg/controller/secret.go:315.95,317.35 2 0
github.com/gardener/machine-controller-manager/pkg/controller/secret.go:320.2,321.35 2 0
github.com/gardener/machine-controller-manager/pkg/controller/secret.go:325.2,326.88 1 0
github.com/gardener/machine-controller-manager/pkg/controller/secret.go:317.35,319.3 1 0
github.com/gardener/machine-controller-manager/pkg/controller/secret.go:321.35,323.3 1 0
github.com/gardener/machine-controller-manager/pkg/controller/secret.go:326.88,329.3 2 0
github.com/gardener/machine-controller-manager/pkg/controller/secret.go:332.72,334.2 1 0
github.com/gardener/machine-controller-manager/pkg/controller/alicloudmachineclass.go:38.85,40.37 2 0
github.com/gardener/machine-controller-manager/pkg/controller/alicloudmachineclass.go:43.2,43.81 1 0
github.com/gardener/machine-controller-manager/pkg/controller/alicloudmachineclass.go:40.37,42.3 1 0
github.com/gardener/machine-controller-manager/pkg/controller/alicloudmachineclass.go:43.81,45.3 1 0
github.com/gardener/machine-controller-manager/pkg/controller/alicloudmachineclass.go:48.78,50.30 2 0
github.com/gardener/machine-controller-manager/pkg/controller/alicloudmachineclass.go:53.2,53.74 1 0
github.com/gardener/machine-controller-manager/pkg/controller/alicloudmachineclass.go:50.30,52.3 1 0
github.com/gardener/machine-controller-manager/pkg/controller/alicloudmachineclass.go:53.74,55.3 1 0
github.com/gardener/machine-controller-manager/pkg/controller/alicloudmachineclass.go:58.75,60.27 2 0
github.com/gardener/machine-controller-manager/pkg/controller/alicloudmachineclass.go:63.2,63.57 1 0
github.com/gardener/machine-controller-manager/pkg/controller/alicloudmachineclass.go:60.27,62.3 1 0
github.com/gardener/machine-controller-manager/pkg/controller/alicloudmachineclass.go:63.57,65.3 1 0
github.com/gardener/machine-controller-manager/pkg/controller/alicloudmachineclass.go:68.63,70.16 2 0
github.com/gardener/machine-controller-manager/pkg/controller/alicloudmachineclass.go:74.2,74.38 1 0
github.com/gardener/machine-controller-manager/pkg/controller/alicloudmachineclass.go:70.16,73.3 2 0
github.com/gardener/machine-controller-manager/pkg/controller/alicloudmachineclass.go:77.77,79.23 2 0
github.com/gardener/machine-controller-manager/pkg/controller/alicloudmachineclass.go:82.2,83.23 2 0
github.com/gardener/machine-controller-manager/pkg/controller/alicloudmachineclass.go:87.2,87.35 1 0
github.com/gardener/machine-controller-manager/pkg/controller/alicloudmachineclass.go:79.23,81.3 1 0
github.com/gardener/machine-controller-manager/pkg/controller/alicloudmachineclass.go:83.23,85.3 1 0
github.com/gardener/machine-controller-manager/pkg/controller/alicloudmachineclass.go:92.80,94.16 2 0
github.com/gardener/machine-controller-manager/pkg/controller/alicloudmachineclass.go:98.2,99.28 2 0
github.com/gardener/machine-controller-manager/pkg/controller/alicloudmachineclass.go:103.2,103.16 1 0
github.com/gardener/machine-controller-manager/pkg/controller/alicloudmachineclass.go:108.2,108.54 1 0
github.com/gardener/machine-controller-manager/pkg/controller/alicloudmachineclass.go:94.16,96.3 1 0
github.com/gardener/machine-controller-manager/pkg/controller/alicloudmachineclass.go:99.28,102.3 2 0
github.com/gardener/machine-controller-manager/pkg/controller/alicloudmachineclass.go:103.16,106.3 2 0
github.com/gardener/machine-controller-manager/pkg/controller/alicloudmachineclass.go:111.103,113.15 2 0
github.com/gardener/machine-controller-manager/pkg/controller/alicloudmachineclass.go:118.2,120.16 3 0
github.com/gardener/machine-controller-manager/pkg/controller/alicloudmachineclass.go:124.2,125.89 2 0
github.com/gardener/machine-controller-manager/pkg/controller/alicloudmachineclass.go:131.2,131.36 1 0
github.com/gardener/machine-controller-manager/pkg/controller/alicloudmachineclass.go:138.2,139.16 2 0
github.com/gardener/machine-controller-manager/pkg/controller/alicloudmachineclass.go:143.2,143.36 1 0
github.com/gardener/machine-controller-manager/pkg/controller/alicloudmachineclass.go:164.2,164.35 1 0
github.com/gardener/machine-controller-manager/pkg/controller/alicloudmachineclass.go:167.2,167.12 1 0
github.com/gardener/machine-controller-manager/pkg/controller/alicloudmachineclass.go:113.15,116.3 2 0
github.com/gardener/machine-controller-manager/pkg/controller/alicloudmachineclass.go:120.16,122.3 1 0
github.com/gardener/machine-controller-manager/pkg/controller/alicloudmachineclass.go:125.89,128.3 2 0
github.com/gardener/machine-controller-manager/pkg/controller/alicloudmachineclass.go:131.36,133.17 2 0
github.com/gardener/machine-controller-manager/pkg/controller/alicloudmachineclass.go:133.17,135.4 1 0
github.com/gardener/machine-controller-manager/pkg/controller/alicloudmachineclass.go:139.16,141.3 1 0
github.com/gardener/machine-controller-manager/pkg/controller/alicloudmachineclass.go:143.36,144.94 1 0
github.com/gardener/machine-controller-manager/pkg/controller/alicloudmachineclass.go:148.3,149.17 2 0
github.com/gardener/machine-controller-manager/pkg/controller/alicloudmachineclass.go:152.3,153.17 2 0
github.com/gardener/machine-controller-manager/pkg/controller/alicloudmachineclass.go:156.3,156.82 1 0
github.com/gardener/machine-controller-manager/pkg/controller/alicloudmachineclass.go:160.3,161.13 2 0
github.com/gardener/machine-controller-manager/pkg/controller/alicloudmachineclass.go:144.94,146.4 1 0
github.com/gardener/machine-controller-manager/pkg/controller/alicloudmachineclass.go:149.17,151.4 1 0
github.com/gardener/machine-controller-manager/pkg/controller/alicloudmachineclass.go:153.17,155.4 1 0
github.com/gardener/machine-controller-manager/pkg/controller/alicloudmachineclass.go:156.82,158.4 1 0
github.com/gardener/machine-controller-manager/pkg/controller/alicloudmachineclass.go:164.35,166.3 1 0
github.com/gardener/machine-controller-manager/pkg/controller/alicloudmachineclass.go:175.100,178.93 2 0
github.com/gardener/machine-controller-manager/pkg/controller/alicloudmachineclass.go:182.2,182.12 1 0
github.com/gardener/machine-controller-manager/pkg/controller/alicloudmachineclass.go:178.93,181.3 2 0
github.com/gardener/machine-controller-manager/pkg/controller/alicloudmachineclass.go:185.103,188.92 2 0
github.com/gardener/machine-controller-manager/pkg/controller/alicloudmachineclass.go:192.2,192.12 1 0
github.com/gardener/machine-controller-manager/pkg/controller/alicloudmachineclass.go:188.92,191.3 2 0
github.com/gardener/machine-controller-manager/pkg/controller/alicloudmachineclass.go:195.124,198.16 2 0
github.com/gardener/machine-controller-manager/pkg/controller/alicloudmachineclass.go:202.2,205.16 4 0
github.com/gardener/machine-controller-manager/pkg/controller/alicloudmachineclass.go:209.2,210.12 2 0
github.com/gardener/machine-controller-manager/pkg/controller/alicloudmachineclass.go:198.16,200.3 1 0
github.com/gardener/machine-controller-manager/pkg/controller/alicloudmachineclass.go:205.16,208.3 2 0
github.com/gardener/machine-controller-manager/pkg/controller/alicloudmachineclass.go:213.93,215.16 2 0
github.com/gardener/machine-controller-manager/pkg/controller/alicloudmachineclass.go:218.2,218.50 1 0
github.com/gardener/machine-controller-manager/pkg/controller/alicloudmachineclass.go:215.16,217.3 1 0
